TN:
SF:src/common.ts
FNF:0
FNH:0
DA:1,19
DA:2,19
DA:3,19
DA:4,19
DA:5,19
LF:5
LH:5
BRF:0
BRH:0
end_of_record
TN:
SF:src/context.ts
FN:3,createContext
FN:12,growContext
FN:17,contextSer
FN:36,contextDes
FN:56,contextFromBytes
FNF:5
FNH:5
FNDA:25,createContext
FNDA:15,growContext
FNDA:49,contextSer
FNDA:50,contextDes
FNDA:7,contextFromBytes
DA:3,19
DA:4,25
DA:5,25
DA:12,19
DA:13,15
DA:14,15
DA:17,19
DA:23,49
DA:24,63
DA:25,63
DA:26,63
DA:27,63
DA:28,48
DA:30,15
DA:32,14
DA:36,19
DA:41,50
DA:42,50
DA:43,44
DA:44,44
DA:46,6
DA:48,50
DA:49,48
DA:50,2
DA:53,46
DA:56,19
DA:57,7
LF:27
LH:27
BRDA:3,0,0,20
BRDA:28,1,0,48
BRDA:30,2,0,1
BRDA:30,3,0,15
BRDA:30,3,1,1
BRDA:42,4,0,44
BRDA:42,4,1,6
BRDA:49,5,0,2
BRF:8
BRH:8
end_of_record
TN:
SF:src/define.ts
FN:3,define
FNF:1
FNH:1
FNDA:316,define
DA:3,19
DA:4,316
LF:2
LH:2
BRF:0
BRH:0
end_of_record
TN:
SF:src/eval.ts
FNF:0
FNH:0
DA:1,2
DA:2,2
DA:3,2
LF:3
LH:3
BRF:0
BRH:0
end_of_record
TN:
SF:src/index.ts
FNF:0
FNH:0
DA:1,19
DA:2,19
DA:3,19
LF:3
LH:3
BRF:0
BRH:0
end_of_record
TN:
SF:src/node.ts
FNF:0
FNH:0
DA:1,3
DA:2,3
DA:3,3
LF:3
LH:3
BRF:0
BRH:0
end_of_record
TN:
SF:src/use.ts
FN:9,use
FN:17,(anonymous_1)
FN:18,(anonymous_2)
FN:20,(anonymous_3)
FNF:4
FNH:4
FNDA:7,use
FNDA:48,(anonymous_1)
FNDA:1,(anonymous_2)
FNDA:50,(anonymous_3)
DA:1,19
DA:9,19
DA:13,7
DA:14,7
DA:17,48
DA:19,1
DA:20,50
LF:7
LH:7
BRF:0
BRH:0
end_of_record
TN:
SF:src/common_serdes/array.ts
FN:4,(anonymous_0)
FN:6,(anonymous_1)
FN:13,(anonymous_2)
FNF:3
FNH:3
FNDA:4,(anonymous_0)
FNDA:346,(anonymous_1)
FNDA:210,(anonymous_2)
DA:1,19
DA:4,19
DA:5,4
DA:7,346
DA:8,346
DA:9,346
DA:10,33647
DA:14,210
DA:15,210
DA:16,210
DA:17,20406
DA:19,210
LF:12
LH:12
BRF:0
BRH:0
end_of_record
TN:
SF:src/common_serdes/boolean.ts
FN:5,(anonymous_0)
FN:6,(anonymous_1)
FNF:2
FNH:2
FNDA:4,(anonymous_0)
FNDA:4,(anonymous_1)
DA:1,19
DA:4,19
DA:5,4
DA:6,4
LF:4
LH:4
BRF:0
BRH:0
end_of_record
TN:
SF:src/common_serdes/bytes.ts
FN:4,(anonymous_0)
FN:6,(anonymous_1)
FN:13,(anonymous_2)
FNF:3
FNH:3
FNDA:2,(anonymous_0)
FNDA:3,(anonymous_1)
FNDA:1,(anonymous_2)
DA:1,19
DA:4,19
DA:5,2
DA:7,3
DA:8,3
DA:9,3
DA:10,3
DA:11,3
DA:14,1
DA:15,1
LF:10
LH:10
BRF:0
BRH:0
end_of_record
TN:
SF:src/common_serdes/clazz.ts
FN:12,(anonymous_0)
FN:15,(anonymous_1)
FNF:2
FNH:2
FNDA:1,(anonymous_0)
FNDA:2,(anonymous_1)
DA:12,19
DA:15,2
LF:2
LH:2
BRF:0
BRH:0
end_of_record
TN:
SF:src/common_serdes/index.ts
FNF:0
FNH:0
DA:1,19
DA:2,19
DA:3,19
DA:4,19
DA:5,19
DA:6,19
DA:7,19
DA:8,19
DA:9,19
DA:10,19
LF:10
LH:10
BRF:0
BRH:0
end_of_record
TN:
SF:src/common_serdes/map.ts
FN:4,(anonymous_0)
FN:6,(anonymous_1)
FN:14,(anonymous_2)
FNF:3
FNH:3
FNDA:1,(anonymous_0)
FNDA:1,(anonymous_1)
FNDA:1,(anonymous_2)
DA:1,19
DA:4,19
DA:5,1
DA:7,1
DA:8,1
DA:9,1
DA:10,2
DA:11,2
DA:15,1
DA:16,1
DA:17,1
DA:18,2
DA:20,1
LF:13
LH:13
BRF:0
BRH:0
end_of_record
TN:
SF:src/common_serdes/one_of.ts
FN:5,(anonymous_0)
FN:10,(anonymous_1)
FN:19,(anonymous_2)
FN:27,(anonymous_3)
FN:45,mapKeysToIndexes
FN:58,swapKeysAndValues
FNF:6
FNH:6
FNDA:1,(anonymous_0)
FNDA:1,(anonymous_1)
FNDA:3,(anonymous_2)
FNDA:3,(anonymous_3)
FNDA:1,mapKeysToIndexes
FNDA:1,swapKeysAndValues
DA:1,19
DA:4,19
DA:5,1
DA:6,1
DA:10,19
DA:11,1
DA:15,1
DA:16,1
DA:18,1
DA:20,3
DA:21,3
DA:23,3
DA:24,3
DA:28,3
DA:29,3
DA:31,3
DA:32,1
DA:35,2
DA:36,2
DA:38,2
DA:48,1
DA:50,1
DA:51,2
DA:52,2
DA:55,1
DA:61,1
DA:63,1
DA:64,2
DA:65,2
DA:68,1
LF:30
LH:30
BRDA:31,0,0,1
BRF:1
BRH:1
end_of_record
TN:
SF:src/common_serdes/optional.ts
FN:4,(anonymous_0)
FN:6,(anonymous_1)
FN:14,(anonymous_2)
FNF:3
FNH:3
FNDA:2,(anonymous_0)
FNDA:336,(anonymous_1)
FNDA:204,(anonymous_2)
DA:1,19
DA:4,19
DA:5,2
DA:7,336
DA:8,192
DA:10,144
DA:11,144
DA:14,204
LF:8
LH:8
BRDA:7,0,0,192
BRDA:7,0,1,144
BRDA:14,1,0,94
BRDA:14,1,1,110
BRF:4
BRH:4
end_of_record
TN:
SF:src/common_serdes/rec.ts
FN:6,(anonymous_0)
FN:8,(anonymous_1)
FN:9,(anonymous_2)
FNF:3
FNH:3
FNDA:1,(anonymous_0)
FNDA:1,(anonymous_1)
FNDA:1,(anonymous_2)
DA:1,19
DA:6,19
DA:7,1
DA:8,1
DA:9,1
LF:5
LH:5
BRF:0
BRH:0
end_of_record
TN:
SF:src/common_serdes/size.ts
FN:5,(anonymous_0)
FN:18,(anonymous_1)
FN:32,(anonymous_2)
FN:33,(anonymous_3)
FNF:4
FNH:4
FNDA:15,(anonymous_0)
FNDA:13,(anonymous_1)
FNDA:15,(anonymous_2)
FNDA:13,(anonymous_3)
DA:1,19
DA:4,19
DA:7,15
DA:8,32
DA:9,32
DA:10,32
DA:11,17
DA:13,15
DA:14,15
DA:20,13
DA:21,13
DA:22,13
DA:23,29
DA:24,29
DA:25,29
DA:27,13
DA:31,19
DA:32,15
DA:34,13
DA:35,13
LF:20
LH:20
BRDA:10,0,0,17
BRDA:10,0,1,15
BRDA:32,1,0,9
BRDA:32,1,1,6
BRDA:35,2,0,6
BRDA:35,2,1,7
BRF:6
BRH:6
end_of_record
TN:
SF:src/common_serdes/string.ts
FN:4,(anonymous_0)
FN:6,(anonymous_1)
FN:29,(anonymous_2)
FNF:3
FNH:3
FNDA:16,(anonymous_0)
FNDA:241592,(anonymous_1)
FNDA:20708,(anonymous_2)
DA:1,19
DA:4,19
DA:5,16
DA:7,241592
DA:9,241592
DA:10,241591
DA:11,241591
DA:12,241591
DA:13,241586
DA:14,241586
DA:16,241586
DA:18,335
DA:19,333
DA:21,333
DA:23,1
DA:25,333
DA:26,333
DA:27,333
DA:29,20708
LF:19
LH:19
BRDA:16,0,0,241251
BRDA:21,1,0,1
BRF:2
BRH:2
end_of_record
TN:
SF:src/encodings/index.ts
FNF:0
FNH:0
DA:1,19
DA:2,19
DA:3,19
DA:4,19
LF:4
LH:4
BRF:0
BRH:0
end_of_record
TN:
SF:src/encodings/latin1.ts
FN:4,(anonymous_0)
FN:10,(anonymous_1)
FNF:2
FNH:2
FNDA:1,(anonymous_0)
FNDA:1,(anonymous_1)
DA:3,19
DA:5,1
DA:6,1
DA:7,61
DA:11,1
DA:12,1
DA:13,61
DA:15,1
LF:8
LH:8
BRF:0
BRH:0
end_of_record
TN:
SF:src/encodings/ucs2.ts
FN:4,(anonymous_0)
FN:11,(anonymous_1)
FNF:2
FNH:2
FNDA:1,(anonymous_0)
FNDA:1,(anonymous_1)
DA:3,19
DA:5,1
DA:6,1
DA:7,7451
DA:8,7451
DA:12,1
DA:13,1
DA:14,1
DA:15,7451
DA:16,7451
DA:18,1
LF:11
LH:11
BRF:0
BRH:0
end_of_record
TN:
SF:src/encodings/utf8.ts
FN:7,(anonymous_0)
FN:11,(anonymous_1)
FNF:2
FNH:2
FNDA:207474,(anonymous_0)
FNDA:101042,(anonymous_1)
DA:3,19
DA:4,19
DA:6,19
DA:8,207474
DA:12,101042
LF:5
LH:5
BRF:0
BRH:0
end_of_record
TN:
SF:src/encodings/utf8js.ts
FN:4,(anonymous_0)
FN:40,(anonymous_1)
FNF:2
FNH:2
FNDA:34121,(anonymous_0)
FNDA:20701,(anonymous_1)
DA:3,19
DA:5,34121
DA:6,34121
DA:7,259216
DA:8,259216
DA:10,239060
DA:11,239056
DA:12,20156
DA:15,2731
DA:16,2731
DA:17,2731
DA:18,2731
DA:19,17425
DA:22,14437
DA:23,14437
DA:24,14437
DA:25,14437
DA:26,14436
DA:28,2988
DA:31,2988
DA:32,2988
DA:33,2988
DA:34,2988
DA:35,2988
DA:36,2988
DA:41,20701
DA:42,20701
DA:43,20701
DA:44,160724
DA:45,160724
DA:47,146954
DA:48,146954
DA:49,13770
DA:53,2095
DA:54,2095
DA:55,2095
DA:56,11675
DA:61,9848
DA:62,9848
DA:63,9848
DA:64,9848
DA:71,1827
DA:72,1827
DA:73,1827
DA:74,1827
DA:75,1827
DA:76,1827
DA:77,1827
DA:80,20701
LF:49
LH:49
BRDA:8,0,0,239060
BRDA:8,0,1,20156
BRDA:12,1,0,2731
BRDA:12,1,1,17425
BRDA:19,2,0,14437
BRDA:19,2,1,2988
BRDA:19,3,0,17425
BRDA:19,3,1,2990
BRDA:45,4,0,146954
BRDA:45,4,1,13770
BRDA:49,5,0,2095
BRDA:49,5,1,11675
BRDA:56,6,0,9848
BRDA:56,6,1,1827
BRF:14
BRH:14
end_of_record
TN:
SF:src/eval_serdes/index.ts
FNF:0
FNH:0
DA:1,2
DA:2,2
DA:3,2
LF:3
LH:3
BRF:0
BRH:0
end_of_record
TN:
SF:src/eval_serdes/number.ts
FN:4,(anonymous_0)
FNF:1
FNH:1
FNDA:32,(anonymous_0)
DA:1,2
DA:4,2
DA:6,32
DA:9,32
DA:10,32
DA:16,2
DA:17,2
DA:18,2
DA:19,2
DA:20,2
DA:21,2
DA:22,2
DA:23,2
DA:24,2
DA:25,2
LF:15
LH:15
BRF:0
BRH:0
end_of_record
TN:
SF:src/eval_serdes/struct.ts
FN:3,(anonymous_0)
FN:6,(anonymous_1)
FN:8,(anonymous_2)
FN:12,(anonymous_3)
FN:13,(anonymous_4)
FN:14,(anonymous_5)
FN:16,(anonymous_6)
FN:20,(anonymous_7)
FN:25,(anonymous_8)
FN:26,(anonymous_9)
FN:30,(anonymous_10)
FNF:11
FNH:11
FNDA:8,(anonymous_0)
FNDA:2,(anonymous_1)
FNDA:4,(anonymous_2)
FNDA:4,(anonymous_3)
FNDA:4,(anonymous_4)
FNDA:4,(anonymous_5)
FNDA:4,(anonymous_6)
FNDA:4,(anonymous_7)
FNDA:4,(anonymous_8)
FNDA:4,(anonymous_9)
FNDA:1,(anonymous_10)
DA:1,2
DA:3,2
DA:4,8
DA:6,2
DA:7,2
DA:8,4
DA:9,2
DA:10,2
DA:12,4
DA:13,4
DA:14,4
DA:16,4
DA:20,4
DA:25,4
DA:26,4
DA:30,2
DA:31,1
LF:17
LH:17
BRDA:4,0,0,4
BRDA:4,0,1,4
BRDA:18,1,0,1
BRDA:18,1,1,1
BRF:4
BRH:4
end_of_record
TN:
SF:src/msgpack/array.ts
FN:6,packArray
FN:20,unpackArrayBody
FNF:2
FNH:2
FNDA:11,packArray
FNDA:7,unpackArrayBody
DA:2,19
DA:3,19
DA:4,19
DA:6,19
DA:13,11
DA:14,11
DA:15,11
DA:16,223874
DA:20,19
DA:25,7
DA:26,7
DA:27,101010
DA:29,7
LF:13
LH:13
BRF:0
BRH:0
end_of_record
TN:
SF:src/msgpack/index.ts
FN:9,(anonymous_0)
FN:20,(anonymous_1)
FN:21,(anonymous_2)
FNF:3
FNH:3
FNDA:3,(anonymous_0)
FNDA:48,(anonymous_1)
FNDA:41,(anonymous_2)
DA:1,19
DA:2,19
DA:5,19
DA:6,19
DA:7,19
DA:9,19
DA:16,3
DA:17,3
DA:18,3
DA:19,3
DA:20,48
DA:21,41
LF:12
LH:12
BRDA:11,0,0,2
BRDA:16,1,0,1
BRDA:16,1,1,2
BRDA:17,2,0,1
BRDA:17,2,1,2
BRF:5
BRH:5
end_of_record
TN:
SF:src/msgpack/int.ts
FN:14,(anonymous_0)
FNF:1
FNH:1
FNDA:431310,(anonymous_0)
DA:1,19
DA:14,19
DA:15,431310
DA:16,431304
DA:17,224640
DA:18,206664
DA:19,768
DA:20,768
DA:21,205896
DA:22,171430
DA:23,171429
DA:24,34466
DA:25,34465
DA:26,34465
DA:28,1
DA:29,1
DA:32,6
DA:33,1
DA:34,5
DA:35,1
DA:36,1
DA:37,4
DA:38,1
DA:39,1
DA:40,3
DA:41,2
DA:42,2
DA:44,1
DA:45,1
LF:29
LH:29
BRDA:15,0,0,431304
BRDA:15,0,1,6
BRDA:16,1,0,224640
BRDA:16,1,1,206664
BRDA:18,2,0,768
BRDA:18,2,1,205896
BRDA:21,3,0,171430
BRDA:21,3,1,34466
BRDA:24,4,0,34465
BRDA:24,4,1,1
BRDA:32,5,0,1
BRDA:32,5,1,5
BRDA:34,6,0,1
BRDA:34,6,1,4
BRDA:37,7,0,1
BRDA:37,7,1,3
BRDA:40,8,0,2
BRDA:40,8,1,1
BRF:18
BRH:18
end_of_record
TN:
SF:src/msgpack/map.ts
FN:6,packMap
FN:23,unpackMapBody
FNF:2
FNH:2
FNDA:12,packMap
FNDA:8,unpackMapBody
DA:2,19
DA:3,19
DA:4,19
DA:6,19
DA:13,12
DA:14,12
DA:15,12
DA:16,12
DA:17,207444
DA:18,207444
DA:19,207442
DA:23,19
DA:28,8
DA:29,8
DA:30,101012
DA:32,8
LF:16
LH:16
BRF:0
BRH:0
end_of_record
TN:
SF:src/msgpack/pack.ts
FN:7,pack
FNF:1
FNH:1
FNDA:638808,pack
DA:1,19
DA:3,19
DA:4,19
DA:5,19
DA:7,19
DA:14,638808
DA:16,2
DA:17,2
DA:19,1
DA:20,1
DA:22,4
DA:23,4
DA:26,638801
DA:28,431315
DA:29,431310
DA:31,5
DA:32,5
DA:34,431309
DA:36,207463
DA:37,207461
DA:39,23
DA:40,11
DA:41,7
DA:43,12
DA:50,8
LF:25
LH:25
BRDA:14,0,0,2
BRDA:14,0,1,1
BRDA:14,0,2,4
BRDA:26,1,0,431315
BRDA:26,1,1,207463
BRDA:26,1,2,23
BRDA:28,2,0,431310
BRDA:28,2,1,5
BRDA:39,3,0,11
BRF:9
BRH:9
end_of_record
TN:
SF:src/msgpack/size.ts
FN:4,packSize
FN:22,(anonymous_1)
FNF:2
FNH:2
FNDA:23,packSize
FNDA:207471,(anonymous_1)
DA:1,19
DA:4,19
DA:10,23
DA:11,11
DA:12,12
DA:13,3
DA:14,3
DA:16,9
DA:17,9
DA:21,19
DA:23,207471
DA:24,207468
DA:25,3
DA:26,1
DA:27,1
DA:28,2
DA:29,1
DA:30,1
DA:32,1
DA:33,1
LF:20
LH:20
BRDA:10,0,0,11
BRDA:10,0,1,12
BRDA:12,1,0,3
BRDA:12,1,1,9
BRDA:23,2,0,207468
BRDA:23,2,1,3
BRDA:25,3,0,1
BRDA:25,3,1,2
BRDA:28,4,0,1
BRDA:28,4,1,1
BRF:10
BRH:10
end_of_record
TN:
SF:src/msgpack/unpack.ts
FN:18,unpack
FNF:1
FNH:1
FNDA:303075,unpack
DA:1,19
DA:15,19
DA:16,19
DA:18,19
DA:22,303075
DA:24,303075
DA:26,2
DA:28,1
DA:30,4
DA:32,1
DA:34,4
DA:36,256
DA:38,66024
DA:40,34465
DA:42,1
DA:44,1
DA:46,1
DA:48,2
DA:50,1
DA:52,1
DA:54,1
DA:56,1
DA:58,1
DA:60,1
DA:62,1
DA:64,1
DA:67,202305
DA:68,101041
DA:69,101035
DA:70,101030
DA:71,2
DA:73,1
LF:32
LH:32
BRDA:24,0,0,2
BRDA:24,0,1,1
BRDA:24,0,2,4
BRDA:24,0,3,1
BRDA:24,0,4,4
BRDA:24,0,5,256
BRDA:24,0,6,66024
BRDA:24,0,7,34465
BRDA:24,0,8,1
BRDA:24,0,9,1
BRDA:24,0,10,1
BRDA:24,0,11,2
BRDA:24,0,12,1
BRDA:24,0,13,1
BRDA:24,0,14,1
BRDA:24,0,15,1
BRDA:24,0,16,1
BRDA:24,0,17,1
BRDA:24,0,18,1
BRDA:24,0,19,1
BRDA:67,1,0,101264
BRDA:68,2,0,6
BRDA:69,3,0,5
BRDA:70,4,0,101028
BRDA:71,5,0,1
BRF:25
BRH:25
end_of_record
TN:
SF:src/node_encodings/latin1.ts
FN:6,(anonymous_0)
FN:9,(anonymous_1)
FNF:2
FNH:2
FNDA:1,(anonymous_0)
FNDA:1,(anonymous_1)
DA:3,3
DA:5,3
DA:7,1
DA:10,1
LF:4
LH:4
BRF:0
BRH:0
end_of_record
TN:
SF:src/node_encodings/ucs2.ts
FN:6,(anonymous_0)
FN:9,(anonymous_1)
FNF:2
FNH:2
FNDA:1,(anonymous_0)
FNDA:1,(anonymous_1)
DA:3,3
DA:5,3
DA:7,1
DA:10,1
LF:4
LH:4
BRF:0
BRH:0
end_of_record
TN:
SF:src/node_encodings/utf8.ts
FN:6,(anonymous_0)
FN:9,(anonymous_1)
FNF:2
FNH:2
FNDA:1,(anonymous_0)
FNDA:1,(anonymous_1)
DA:3,3
DA:5,3
DA:7,1
DA:10,1
LF:4
LH:4
BRF:0
BRH:0
end_of_record
TN:
SF:src/serdes/index.ts
FNF:0
FNH:0
DA:1,19
DA:2,19
DA:3,19
LF:3
LH:3
BRF:0
BRH:0
end_of_record
TN:
SF:src/serdes/number.ts
FN:5,(anonymous_0)
FN:6,(anonymous_1)
FN:10,(anonymous_2)
FN:14,(anonymous_3)
FN:22,(anonymous_4)
FN:26,(anonymous_5)
FN:34,(anonymous_6)
FN:38,(anonymous_7)
FN:46,(anonymous_8)
FN:47,(anonymous_9)
FN:51,(anonymous_10)
FN:55,(anonymous_11)
FN:63,(anonymous_12)
FN:67,(anonymous_13)
FN:75,(anonymous_14)
FN:79,(anonymous_15)
FN:87,(anonymous_16)
FN:91,(anonymous_17)
FN:99,(anonymous_18)
FN:103,(anonymous_19)
FN:123,(anonymous_20)
FNF:21
FNH:21
FNDA:674070,(anonymous_0)
FNDA:21188,(anonymous_1)
FNDA:171446,(anonymous_2)
FNDA:66034,(anonymous_3)
FNDA:35466,(anonymous_4)
FNDA:34672,(anonymous_5)
FNDA:3,(anonymous_6)
FNDA:3,(anonymous_7)
FNDA:4,(anonymous_8)
FNDA:3,(anonymous_9)
FNDA:3,(anonymous_10)
FNDA:3,(anonymous_11)
FNDA:4,(anonymous_12)
FNDA:4,(anonymous_13)
FNDA:3,(anonymous_14)
FNDA:3,(anonymous_15)
FNDA:2,(anonymous_16)
FNDA:2,(anonymous_17)
FNDA:7,(anonymous_18)
FNDA:7,(anonymous_19)
FNDA:12,(anonymous_20)
DA:1,19
DA:4,19
DA:5,674070
DA:6,21188
DA:9,19
DA:11,171446
DA:12,171445
DA:15,66034
DA:16,66034
DA:17,66034
DA:21,19
DA:23,35466
DA:24,35466
DA:27,34672
DA:28,34672
DA:29,34672
DA:33,19
DA:35,3
DA:36,3
DA:39,3
DA:40,3
DA:41,3
DA:45,19
DA:46,4
DA:47,3
DA:50,19
DA:52,3
DA:53,3
DA:56,3
DA:57,3
DA:58,3
DA:62,19
DA:64,4
DA:65,4
DA:68,4
DA:69,4
DA:70,4
DA:74,19
DA:76,3
DA:77,3
DA:80,3
DA:81,3
DA:82,3
DA:86,19
DA:88,2
DA:89,2
DA:92,2
DA:93,2
DA:94,2
DA:98,19
DA:100,7
DA:101,7
DA:104,7
DA:105,7
DA:106,7
DA:110,19
DA:123,19
DA:125,12
LF:58
LH:58
BRF:0
BRH:0
end_of_record
TN:
SF:src/serdes/struct.ts
FN:3,(anonymous_0)
FN:4,(anonymous_1)
FN:4,(anonymous_2)
FN:6,(anonymous_3)
FN:11,(anonymous_4)
FN:22,(anonymous_5)
FNF:6
FNH:6
FNDA:5,(anonymous_0)
FNDA:1,(anonymous_1)
FNDA:206,(anonymous_2)
FNDA:340,(anonymous_3)
FNDA:207,(anonymous_4)
FNDA:1,(anonymous_5)
DA:1,19
DA:3,19
DA:4,206
DA:5,5
DA:7,340
DA:8,1682
DA:13,207
DA:14,207
DA:15,1024
DA:17,207
DA:22,19
DA:23,1
LF:12
LH:12
BRDA:4,0,0,1
BRDA:4,0,1,4
BRF:2
BRH:2
end_of_record
TN:
SF:src/types/index.ts
FNF:0
FNH:0
DA:1,19
DA:2,19
LF:2
LH:2
BRF:0
BRH:0
end_of_record
