TN:
SF:src/context.ts
FN:3,createContext
FN:12,growContext
FN:17,contextSer
FN:36,contextDes
FN:51,contextFromBytes
FNF:5
FNH:5
FNDA:18,createContext
FNDA:6,growContext
FNDA:4,contextSer
FNDA:3,contextDes
FNDA:3,contextFromBytes
DA:3,14
DA:4,18
DA:5,18
DA:12,14
DA:13,6
DA:14,6
DA:17,14
DA:23,4
DA:24,9
DA:25,9
DA:26,9
DA:27,9
DA:28,3
DA:30,6
DA:32,5
DA:36,14
DA:41,3
DA:42,3
DA:43,1
DA:44,1
DA:45,1
DA:47,2
DA:51,14
DA:52,3
LF:24
LH:24
BRDA:3,0,0,13
BRDA:28,1,0,3
BRDA:30,2,0,1
BRDA:42,3,0,1
BRDA:42,3,1,2
BRF:5
BRH:5
end_of_record
TN:
SF:src/define.ts
FN:3,define
FNF:1
FNH:1
FNDA:208,define
DA:3,14
DA:4,208
LF:2
LH:2
BRF:0
BRH:0
end_of_record
TN:
SF:src/index.ts
FNF:0
FNH:0
DA:1,14
DA:2,14
DA:3,14
DA:4,14
DA:5,14
DA:6,14
LF:6
LH:6
BRF:0
BRH:0
end_of_record
TN:
SF:src/node.ts
FNF:0
FNH:0
DA:1,3
DA:2,3
DA:3,3
DA:4,3
DA:5,3
DA:6,3
LF:6
LH:6
BRF:0
BRH:0
end_of_record
TN:
SF:src/use.ts
FN:9,use
FN:14,(anonymous_1)
FN:15,(anonymous_2)
FN:17,(anonymous_3)
FNF:4
FNH:4
FNDA:1,use
FNDA:3,(anonymous_1)
FNDA:1,(anonymous_2)
FNDA:3,(anonymous_3)
DA:1,14
DA:9,14
DA:10,1
DA:11,1
DA:14,3
DA:16,1
DA:17,3
LF:7
LH:7
BRF:0
BRH:0
end_of_record
TN:
SF:src/encodings/index.ts
FNF:0
FNH:0
DA:1,14
DA:2,14
DA:3,14
DA:4,14
LF:4
LH:4
BRF:0
BRH:0
end_of_record
TN:
SF:src/encodings/latin1.ts
FN:4,(anonymous_0)
FN:10,(anonymous_1)
FNF:2
FNH:2
FNDA:1,(anonymous_0)
FNDA:1,(anonymous_1)
DA:3,14
DA:5,1
DA:6,1
DA:7,61
DA:11,1
DA:12,1
DA:13,61
DA:15,1
LF:8
LH:8
BRF:0
BRH:0
end_of_record
TN:
SF:src/encodings/ucs2.ts
FN:4,(anonymous_0)
FN:11,(anonymous_1)
FNF:2
FNH:2
FNDA:1,(anonymous_0)
FNDA:1,(anonymous_1)
DA:3,14
DA:5,1
DA:6,1
DA:7,7451
DA:8,7451
DA:12,1
DA:13,1
DA:14,1
DA:15,7451
DA:16,7451
DA:18,1
LF:11
LH:11
BRF:0
BRH:0
end_of_record
TN:
SF:src/encodings/utf8.ts
FN:7,(anonymous_0)
FN:11,(anonymous_1)
FNF:2
FNH:2
FNDA:10,(anonymous_0)
FNDA:10,(anonymous_1)
DA:3,14
DA:4,14
DA:6,14
DA:8,10
DA:12,10
LF:5
LH:5
BRF:0
BRH:0
end_of_record
TN:
SF:src/encodings/utf8js.ts
FN:4,(anonymous_0)
FN:40,(anonymous_1)
FNF:2
FNH:2
FNDA:34083,(anonymous_0)
FNDA:20608,(anonymous_1)
DA:3,14
DA:5,34083
DA:6,34082
DA:7,259711
DA:8,259711
DA:10,239572
DA:11,239568
DA:12,20139
DA:15,2731
DA:16,2731
DA:17,2731
DA:18,2731
DA:19,17408
DA:22,14420
DA:23,14420
DA:24,14420
DA:25,14420
DA:26,14420
DA:28,2988
DA:31,2988
DA:32,2988
DA:33,2988
DA:34,2988
DA:35,2988
DA:36,2988
DA:41,20608
DA:42,20608
DA:43,20608
DA:44,160371
DA:45,160371
DA:47,146651
DA:48,146651
DA:49,13720
DA:53,2090
DA:54,2090
DA:55,2090
DA:56,11630
DA:61,9812
DA:62,9812
DA:63,9812
DA:64,9812
DA:71,1818
DA:72,1818
DA:73,1818
DA:74,1818
DA:75,1818
DA:76,1818
DA:77,1818
DA:80,20608
LF:49
LH:49
BRDA:8,0,0,239572
BRDA:8,0,1,20139
BRDA:12,1,0,2731
BRDA:12,1,1,17408
BRDA:19,2,0,14420
BRDA:19,2,1,2988
BRDA:19,3,0,17408
BRDA:19,3,1,2990
BRDA:45,4,0,146651
BRDA:45,4,1,13720
BRDA:49,5,0,2090
BRDA:49,5,1,11630
BRDA:56,6,0,9812
BRDA:56,6,1,1818
BRF:14
BRH:14
end_of_record
TN:
SF:src/node_encodings/latin1.ts
FN:6,(anonymous_0)
FN:9,(anonymous_1)
FNF:2
FNH:2
FNDA:1,(anonymous_0)
FNDA:1,(anonymous_1)
DA:3,3
DA:5,3
DA:7,1
DA:10,1
LF:4
LH:4
BRF:0
BRH:0
end_of_record
TN:
SF:src/node_encodings/ucs2.ts
FN:6,(anonymous_0)
FN:9,(anonymous_1)
FNF:2
FNH:2
FNDA:1,(anonymous_0)
FNDA:1,(anonymous_1)
DA:3,3
DA:5,3
DA:7,1
DA:10,1
LF:4
LH:4
BRF:0
BRH:0
end_of_record
TN:
SF:src/node_encodings/utf8.ts
FN:6,(anonymous_0)
FN:9,(anonymous_1)
FNF:2
FNH:2
FNDA:1,(anonymous_0)
FNDA:1,(anonymous_1)
DA:3,3
DA:5,3
DA:7,1
DA:10,1
LF:4
LH:4
BRF:0
BRH:0
end_of_record
TN:
SF:src/noeval_serdes/index.ts
FNF:0
FNH:0
DA:1,2
DA:2,2
LF:2
LH:2
BRF:0
BRH:0
end_of_record
TN:
SF:src/noeval_serdes/number.ts
FN:5,(anonymous_0)
FN:6,(anonymous_1)
FN:10,(anonymous_2)
FN:14,(anonymous_3)
FN:22,(anonymous_4)
FN:26,(anonymous_5)
FN:34,(anonymous_6)
FN:38,(anonymous_7)
FN:46,(anonymous_8)
FN:47,(anonymous_9)
FN:51,(anonymous_10)
FN:55,(anonymous_11)
FN:63,(anonymous_12)
FN:67,(anonymous_13)
FN:75,(anonymous_14)
FN:79,(anonymous_15)
FN:87,(anonymous_16)
FN:91,(anonymous_17)
FN:99,(anonymous_18)
FN:103,(anonymous_19)
FN:123,(anonymous_20)
FNF:21
FNH:21
FNDA:2,(anonymous_0)
FNDA:2,(anonymous_1)
FNDA:2,(anonymous_2)
FNDA:2,(anonymous_3)
FNDA:2,(anonymous_4)
FNDA:2,(anonymous_5)
FNDA:2,(anonymous_6)
FNDA:2,(anonymous_7)
FNDA:2,(anonymous_8)
FNDA:2,(anonymous_9)
FNDA:2,(anonymous_10)
FNDA:2,(anonymous_11)
FNDA:2,(anonymous_12)
FNDA:2,(anonymous_13)
FNDA:2,(anonymous_14)
FNDA:2,(anonymous_15)
FNDA:1,(anonymous_16)
FNDA:1,(anonymous_17)
FNDA:1,(anonymous_18)
FNDA:1,(anonymous_19)
FNDA:12,(anonymous_20)
DA:1,2
DA:4,2
DA:5,2
DA:6,2
DA:9,2
DA:11,2
DA:12,2
DA:15,2
DA:16,2
DA:17,2
DA:21,2
DA:23,2
DA:24,2
DA:27,2
DA:28,2
DA:29,2
DA:33,2
DA:35,2
DA:36,2
DA:39,2
DA:40,2
DA:41,2
DA:45,2
DA:46,2
DA:47,2
DA:50,2
DA:52,2
DA:53,2
DA:56,2
DA:57,2
DA:58,2
DA:62,2
DA:64,2
DA:65,2
DA:68,2
DA:69,2
DA:70,2
DA:74,2
DA:76,2
DA:77,2
DA:80,2
DA:81,2
DA:82,2
DA:86,2
DA:88,1
DA:89,1
DA:92,1
DA:93,1
DA:94,1
DA:98,2
DA:100,1
DA:101,1
DA:104,1
DA:105,1
DA:106,1
DA:110,2
DA:123,2
DA:125,12
LF:58
LH:58
BRF:0
BRH:0
end_of_record
TN:
SF:src/noeval_serdes/struct.ts
FN:3,(anonymous_0)
FN:4,(anonymous_1)
FN:4,(anonymous_2)
FN:6,(anonymous_3)
FN:11,(anonymous_4)
FN:22,(anonymous_5)
FNF:6
FNH:6
FNDA:2,(anonymous_0)
FNDA:1,(anonymous_1)
FNDA:1,(anonymous_2)
FNDA:2,(anonymous_3)
FNDA:2,(anonymous_4)
FNDA:1,(anonymous_5)
DA:1,2
DA:3,2
DA:4,2
DA:5,2
DA:7,2
DA:8,4
DA:13,2
DA:14,2
DA:15,4
DA:17,2
DA:22,2
DA:23,1
LF:12
LH:12
BRDA:4,0,0,1
BRDA:4,0,1,1
BRF:2
BRH:2
end_of_record
TN:
SF:src/serdes/array.ts
FN:4,(anonymous_0)
FN:6,(anonymous_1)
FN:13,(anonymous_2)
FNF:3
FNH:3
FNDA:3,(anonymous_0)
FNDA:344,(anonymous_1)
FNDA:205,(anonymous_2)
DA:1,14
DA:4,14
DA:5,3
DA:7,344
DA:8,344
DA:9,344
DA:10,33589
DA:14,205
DA:15,205
DA:16,205
DA:17,20304
DA:19,205
LF:12
LH:12
BRF:0
BRH:0
end_of_record
TN:
SF:src/serdes/boolean.ts
FN:5,(anonymous_0)
FN:6,(anonymous_1)
FNF:2
FNH:2
FNDA:2,(anonymous_0)
FNDA:2,(anonymous_1)
DA:1,14
DA:4,14
DA:5,2
DA:6,2
LF:4
LH:4
BRF:0
BRH:0
end_of_record
TN:
SF:src/serdes/bytes.ts
FN:4,(anonymous_0)
FN:6,(anonymous_1)
FN:12,(anonymous_2)
FNF:3
FNH:3
FNDA:1,(anonymous_0)
FNDA:1,(anonymous_1)
FNDA:1,(anonymous_2)
DA:1,14
DA:4,14
DA:5,1
DA:7,1
DA:8,1
DA:9,1
DA:10,1
DA:13,1
DA:14,1
LF:9
LH:9
BRF:0
BRH:0
end_of_record
TN:
SF:src/serdes/index.ts
FNF:0
FNH:0
DA:1,14
DA:2,14
DA:3,14
DA:4,14
DA:5,14
DA:6,14
DA:7,14
DA:8,14
LF:8
LH:8
BRF:0
BRH:0
end_of_record
TN:
SF:src/serdes/number.ts
FN:4,(anonymous_0)
FNF:1
FNH:1
FNDA:152,(anonymous_0)
DA:1,14
DA:4,14
DA:6,152
DA:9,152
DA:10,152
DA:16,14
DA:17,14
DA:18,14
DA:19,14
DA:20,14
DA:21,14
DA:22,14
DA:23,14
DA:24,14
DA:25,14
LF:15
LH:15
BRF:0
BRH:0
end_of_record
TN:
SF:src/serdes/optional.ts
FN:4,(anonymous_0)
FN:6,(anonymous_1)
FN:14,(anonymous_2)
FNF:3
FNH:3
FNDA:2,(anonymous_0)
FNDA:336,(anonymous_1)
FNDA:203,(anonymous_2)
DA:1,14
DA:4,14
DA:5,2
DA:7,336
DA:8,169
DA:10,167
DA:11,167
DA:14,203
LF:8
LH:8
BRDA:7,0,0,169
BRDA:7,0,1,167
BRDA:14,1,0,106
BRDA:14,1,1,97
BRF:4
BRH:4
end_of_record
TN:
SF:src/serdes/record.ts
FN:4,(anonymous_0)
FN:6,(anonymous_1)
FN:14,(anonymous_2)
FNF:3
FNH:3
FNDA:1,(anonymous_0)
FNDA:1,(anonymous_1)
FNDA:1,(anonymous_2)
DA:1,14
DA:4,14
DA:5,1
DA:7,1
DA:8,1
DA:9,1
DA:10,2
DA:11,2
DA:15,1
DA:16,1
DA:17,1
DA:18,2
DA:20,1
LF:13
LH:13
BRF:0
BRH:0
end_of_record
TN:
SF:src/serdes/string.ts
FN:4,(anonymous_0)
FN:6,(anonymous_1)
FN:17,(anonymous_2)
FNF:3
FNH:3
FNDA:10,(anonymous_0)
FNDA:34090,(anonymous_1)
FNDA:20614,(anonymous_2)
DA:1,14
DA:4,14
DA:5,10
DA:7,34090
DA:8,34090
DA:9,34089
DA:10,34089
DA:11,34084
DA:12,34084
DA:13,34084
DA:14,34084
DA:15,34084
DA:17,20614
LF:13
LH:13
BRF:0
BRH:0
end_of_record
TN:
SF:src/serdes/struct.ts
FN:3,(anonymous_0)
FN:6,(anonymous_1)
FN:8,(anonymous_2)
FN:12,(anonymous_3)
FN:13,(anonymous_4)
FN:14,(anonymous_5)
FN:16,(anonymous_6)
FN:20,(anonymous_7)
FN:25,(anonymous_8)
FN:26,(anonymous_9)
FN:30,(anonymous_10)
FNF:11
FNH:11
FNDA:18,(anonymous_0)
FNDA:3,(anonymous_1)
FNDA:9,(anonymous_2)
FNDA:9,(anonymous_3)
FNDA:9,(anonymous_4)
FNDA:9,(anonymous_5)
FNDA:9,(anonymous_6)
FNDA:9,(anonymous_7)
FNDA:9,(anonymous_8)
FNDA:9,(anonymous_9)
FNDA:1,(anonymous_10)
DA:1,14
DA:3,14
DA:4,18
DA:6,14
DA:7,3
DA:8,9
DA:9,3
DA:10,3
DA:12,9
DA:13,9
DA:14,9
DA:16,9
DA:20,9
DA:25,9
DA:26,9
DA:30,14
DA:31,1
LF:17
LH:17
BRDA:4,0,0,14
BRDA:4,0,1,4
BRDA:18,1,0,1
BRDA:18,1,1,2
BRF:4
BRH:4
end_of_record
TN:
SF:src/types/index.ts
FNF:0
FNH:0
DA:1,14
DA:2,14
LF:2
LH:2
BRF:0
BRH:0
end_of_record
