{"/home/runner/work/sirdez/sirdez/src/asyncUse.ts": {"path":"/home/runner/work/sirdez/sirdez/src/asyncUse.ts","statementMap":{"0":{"start":{"line":1,"column":0},"end":{"line":1,"column":60}},"1":{"start":{"line":5,"column":13},"end":{"line":5,"column":15}},"2":{"start":{"line":6,"column":2},"end":{"line":29,"column":4}},"3":{"start":{"line":9,"column":6},"end":{"line":24,"column":null}},"4":{"start":{"line":10,"column":20},"end":{"line":10,"column":39}},"5":{"start":{"line":11,"column":22},"end":{"line":11,"column":42}},"6":{"start":{"line":12,"column":8},"end":{"line":22,"column":null}},"7":{"start":{"line":13,"column":10},"end":{"line":13,"column":20}},"8":{"start":{"line":14,"column":10},"end":{"line":14,"column":39}},"9":{"start":{"line":15,"column":10},"end":{"line":17,"column":null}},"10":{"start":{"line":16,"column":12},"end":{"line":16,"column":48}},"11":{"start":{"line":19,"column":10},"end":{"line":21,"column":null}},"12":{"start":{"line":20,"column":12},"end":{"line":20,"column":24}},"13":{"start":{"line":23,"column":8},"end":{"line":23,"column":25}},"14":{"start":{"line":27,"column":6},"end":{"line":27,"column":50}},"15":{"start":{"line":4,"column":0},"end":{"line":4,"column":16}}},"fnMap":{"0":{"name":"asyncUse","decl":{"start":{"line":4,"column":16},"end":{"line":4,"column":24}},"loc":{"start":{"line":4,"column":47},"end":{"line":30,"column":1}}},"1":{"name":"(anonymous_1)","decl":{"start":{"line":7,"column":4},"end":{"line":7,"column":9}},"loc":{"start":{"line":7,"column":21},"end":{"line":25,"column":5}}},"2":{"name":"(anonymous_2)","decl":{"start":{"line":26,"column":4},"end":{"line":26,"column":10}},"loc":{"start":{"line":26,"column":28},"end":{"line":28,"column":5}}}},"branchMap":{"0":{"loc":{"start":{"line":15,"column":10},"end":{"line":17,"column":null}},"type":"if","locations":[{"start":{"line":15,"column":10},"end":{"line":17,"column":null}}]},"1":{"loc":{"start":{"line":19,"column":10},"end":{"line":21,"column":null}},"type":"if","locations":[{"start":{"line":19,"column":10},"end":{"line":21,"column":null}}]}},"s":{"0":19,"1":1,"2":1,"3":2,"4":13,"5":13,"6":13,"7":13,"8":13,"9":1,"10":1,"11":12,"12":1,"13":11,"14":1,"15":19},"f":{"0":1,"1":2,"2":1},"b":{"0":[1],"1":[1]}}
,"/home/runner/work/sirdez/sirdez/src/context.ts": {"path":"/home/runner/work/sirdez/sirdez/src/context.ts","statementMap":{"0":{"start":{"line":4,"column":17},"end":{"line":4,"column":38}},"1":{"start":{"line":5,"column":2},"end":{"line":9,"column":4}},"2":{"start":{"line":3,"column":0},"end":{"line":3,"column":16}},"3":{"start":{"line":13,"column":2},"end":{"line":13,"column":51}},"4":{"start":{"line":14,"column":2},"end":{"line":14,"column":44}},"5":{"start":{"line":12,"column":0},"end":{"line":12,"column":16}},"6":{"start":{"line":18,"column":2},"end":{"line":26,"column":4}},"7":{"start":{"line":17,"column":0},"end":{"line":17,"column":16}}},"fnMap":{"0":{"name":"createContext","decl":{"start":{"line":3,"column":16},"end":{"line":3,"column":29}},"loc":{"start":{"line":3,"column":41},"end":{"line":10,"column":1}}},"1":{"name":"growContext","decl":{"start":{"line":12,"column":16},"end":{"line":12,"column":27}},"loc":{"start":{"line":12,"column":40},"end":{"line":15,"column":1}}},"2":{"name":"contextFromArray","decl":{"start":{"line":17,"column":16},"end":{"line":17,"column":32}},"loc":{"start":{"line":17,"column":50},"end":{"line":27,"column":1}}}},"branchMap":{"0":{"loc":{"start":{"line":3,"column":30},"end":{"line":3,"column":41}},"type":"default-arg","locations":[{"start":{"line":3,"column":37},"end":{"line":3,"column":41}}]}},"s":{"0":38,"1":38,"2":19,"3":8,"4":8,"5":19,"6":3,"7":19},"f":{"0":38,"1":8,"2":3},"b":{"0":[19]}}
,"/home/runner/work/sirdez/sirdez/src/index.ts": {"path":"/home/runner/work/sirdez/sirdez/src/index.ts","statementMap":{"0":{"start":{"line":1,"column":0},"end":{"line":1,"column":26}},"1":{"start":{"line":2,"column":0},"end":{"line":2,"column":29}},"2":{"start":{"line":3,"column":0},"end":{"line":3,"column":25}},"3":{"start":{"line":4,"column":0},"end":{"line":4,"column":24}},"4":{"start":{"line":5,"column":0},"end":{"line":5,"column":22}},"5":{"start":{"line":6,"column":0},"end":{"line":6,"column":27}}},"fnMap":{},"branchMap":{},"s":{"0":19,"1":19,"2":19,"3":19,"4":19,"5":19},"f":{},"b":{}}
,"/home/runner/work/sirdez/sirdez/src/use.ts": {"path":"/home/runner/work/sirdez/sirdez/src/use.ts","statementMap":{"0":{"start":{"line":1,"column":0},"end":{"line":1,"column":null}},"1":{"start":{"line":9,"column":14},"end":{"line":9,"column":33}},"2":{"start":{"line":10,"column":2},"end":{"line":32,"column":4}},"3":{"start":{"line":13,"column":6},"end":{"line":27,"column":null}},"4":{"start":{"line":14,"column":22},"end":{"line":14,"column":42}},"5":{"start":{"line":15,"column":8},"end":{"line":25,"column":null}},"6":{"start":{"line":16,"column":10},"end":{"line":16,"column":20}},"7":{"start":{"line":17,"column":10},"end":{"line":17,"column":33}},"8":{"start":{"line":18,"column":10},"end":{"line":20,"column":null}},"9":{"start":{"line":19,"column":12},"end":{"line":19,"column":48}},"10":{"start":{"line":22,"column":10},"end":{"line":24,"column":null}},"11":{"start":{"line":23,"column":12},"end":{"line":23,"column":24}},"12":{"start":{"line":26,"column":8},"end":{"line":26,"column":25}},"13":{"start":{"line":30,"column":6},"end":{"line":30,"column":50}},"14":{"start":{"line":8,"column":0},"end":{"line":8,"column":16}}},"fnMap":{"0":{"name":"use","decl":{"start":{"line":8,"column":16},"end":{"line":8,"column":19}},"loc":{"start":{"line":8,"column":37},"end":{"line":33,"column":1}}},"1":{"name":"(anonymous_1)","decl":{"start":{"line":11,"column":4},"end":{"line":11,"column":10}},"loc":{"start":{"line":11,"column":15},"end":{"line":28,"column":5}}},"2":{"name":"(anonymous_2)","decl":{"start":{"line":29,"column":4},"end":{"line":29,"column":10}},"loc":{"start":{"line":29,"column":28},"end":{"line":31,"column":5}}}},"branchMap":{"0":{"loc":{"start":{"line":18,"column":10},"end":{"line":20,"column":null}},"type":"if","locations":[{"start":{"line":18,"column":10},"end":{"line":20,"column":null}}]},"1":{"loc":{"start":{"line":22,"column":10},"end":{"line":24,"column":null}},"type":"if","locations":[{"start":{"line":22,"column":10},"end":{"line":24,"column":null}}]}},"s":{"0":19,"1":1,"2":1,"3":2,"4":9,"5":9,"6":9,"7":9,"8":1,"9":1,"10":8,"11":1,"12":7,"13":1,"14":19},"f":{"0":1,"1":2,"2":1},"b":{"0":[1],"1":[1]}}
,"/home/runner/work/sirdez/sirdez/src/sequencers/ascii.ts": {"path":"/home/runner/work/sirdez/sirdez/src/sequencers/ascii.ts","statementMap":{"0":{"start":{"line":3,"column":13},"end":{"line":16,"column":2}},"1":{"start":{"line":5,"column":23},"end":{"line":5,"column":27}},"2":{"start":{"line":6,"column":4},"end":{"line":8,"column":null}},"3":{"start":{"line":6,"column":17},"end":{"line":6,"column":18}},"4":{"start":{"line":7,"column":6},"end":{"line":7,"column":53}},"5":{"start":{"line":11,"column":4},"end":{"line":14,"column":6}}},"fnMap":{"0":{"name":"(anonymous_0)","decl":{"start":{"line":4,"column":2},"end":{"line":4,"column":8}},"loc":{"start":{"line":4,"column":18},"end":{"line":9,"column":3}}},"1":{"name":"(anonymous_1)","decl":{"start":{"line":10,"column":2},"end":{"line":10,"column":8}},"loc":{"start":{"line":10,"column":17},"end":{"line":15,"column":3}}}},"branchMap":{},"s":{"0":19,"1":1,"2":1,"3":1,"4":60,"5":1},"f":{"0":1,"1":1},"b":{}}
,"/home/runner/work/sirdez/sirdez/src/sequencers/index.ts": {"path":"/home/runner/work/sirdez/sirdez/src/sequencers/index.ts","statementMap":{"0":{"start":{"line":1,"column":0},"end":{"line":1,"column":24}},"1":{"start":{"line":2,"column":0},"end":{"line":2,"column":24}},"2":{"start":{"line":3,"column":0},"end":{"line":3,"column":23}},"3":{"start":{"line":4,"column":0},"end":{"line":4,"column":25}}},"fnMap":{},"branchMap":{},"s":{"0":19,"1":19,"2":19,"3":19},"f":{},"b":{}}
,"/home/runner/work/sirdez/sirdez/src/sequencers/utf16.ts": {"path":"/home/runner/work/sirdez/sirdez/src/sequencers/utf16.ts","statementMap":{"0":{"start":{"line":3,"column":13},"end":{"line":19,"column":2}},"1":{"start":{"line":5,"column":23},"end":{"line":5,"column":27}},"2":{"start":{"line":6,"column":4},"end":{"line":9,"column":null}},"3":{"start":{"line":6,"column":17},"end":{"line":6,"column":18}},"4":{"start":{"line":7,"column":6},"end":{"line":7,"column":52}},"5":{"start":{"line":8,"column":6},"end":{"line":8,"column":17}},"6":{"start":{"line":12,"column":28},"end":{"line":12,"column":30}},"7":{"start":{"line":13,"column":4},"end":{"line":16,"column":null}},"8":{"start":{"line":14,"column":6},"end":{"line":14,"column":44}},"9":{"start":{"line":15,"column":6},"end":{"line":15,"column":17}},"10":{"start":{"line":17,"column":4},"end":{"line":17,"column":50}}},"fnMap":{"0":{"name":"(anonymous_0)","decl":{"start":{"line":4,"column":2},"end":{"line":4,"column":8}},"loc":{"start":{"line":4,"column":18},"end":{"line":10,"column":3}}},"1":{"name":"(anonymous_1)","decl":{"start":{"line":11,"column":2},"end":{"line":11,"column":8}},"loc":{"start":{"line":11,"column":17},"end":{"line":18,"column":3}}}},"branchMap":{},"s":{"0":19,"1":1,"2":1,"3":1,"4":7451,"5":7451,"6":1,"7":1,"8":7451,"9":7451,"10":1},"f":{"0":1,"1":1},"b":{}}
,"/home/runner/work/sirdez/sirdez/src/sequencers/utf8.ts": {"path":"/home/runner/work/sirdez/sirdez/src/sequencers/utf8.ts","statementMap":{"0":{"start":{"line":3,"column":30},"end":{"line":3,"column":47}},"1":{"start":{"line":4,"column":30},"end":{"line":4,"column":47}},"2":{"start":{"line":6,"column":13},"end":{"line":14,"column":2}},"3":{"start":{"line":8,"column":4},"end":{"line":9,"column":25}},"4":{"start":{"line":12,"column":4},"end":{"line":12,"column":68}}},"fnMap":{"0":{"name":"(anonymous_0)","decl":{"start":{"line":7,"column":2},"end":{"line":7,"column":8}},"loc":{"start":{"line":7,"column":18},"end":{"line":10,"column":3}}},"1":{"name":"(anonymous_1)","decl":{"start":{"line":11,"column":2},"end":{"line":11,"column":8}},"loc":{"start":{"line":11,"column":17},"end":{"line":13,"column":3}}}},"branchMap":{},"s":{"0":19,"1":19,"2":19,"3":16,"4":16},"f":{"0":16,"1":16},"b":{}}
,"/home/runner/work/sirdez/sirdez/src/sequencers/utf8js.ts": {"path":"/home/runner/work/sirdez/sirdez/src/sequencers/utf8js.ts","statementMap":{"0":{"start":{"line":3,"column":13},"end":{"line":81,"column":2}},"1":{"start":{"line":5,"column":23},"end":{"line":5,"column":27}},"2":{"start":{"line":6,"column":4},"end":{"line":38,"column":null}},"3":{"start":{"line":6,"column":17},"end":{"line":6,"column":18}},"4":{"start":{"line":7,"column":19},"end":{"line":7,"column":47}},"5":{"start":{"line":8,"column":6},"end":{"line":37,"column":null}},"6":{"start":{"line":10,"column":8},"end":{"line":10,"column":39}},"7":{"start":{"line":11,"column":8},"end":{"line":11,"column":16}},"8":{"start":{"line":12,"column":13},"end":{"line":37,"column":null}},"9":{"start":{"line":15,"column":18},"end":{"line":15,"column":38}},"10":{"start":{"line":16,"column":18},"end":{"line":16,"column":29}},"11":{"start":{"line":17,"column":8},"end":{"line":17,"column":50}},"12":{"start":{"line":18,"column":8},"end":{"line":18,"column":19}},"13":{"start":{"line":19,"column":13},"end":{"line":37,"column":null}},"14":{"start":{"line":22,"column":18},"end":{"line":22,"column":40}},"15":{"start":{"line":23,"column":18},"end":{"line":23,"column":39}},"16":{"start":{"line":24,"column":18},"end":{"line":24,"column":36}},"17":{"start":{"line":25,"column":8},"end":{"line":25,"column":61}},"18":{"start":{"line":26,"column":8},"end":{"line":26,"column":19}},"19":{"start":{"line":28,"column":21},"end":{"line":28,"column":52}},"20":{"start":{"line":31,"column":18},"end":{"line":31,"column":42}},"21":{"start":{"line":32,"column":18},"end":{"line":32,"column":41}},"22":{"start":{"line":33,"column":18},"end":{"line":33,"column":38}},"23":{"start":{"line":34,"column":18},"end":{"line":34,"column":29}},"24":{"start":{"line":35,"column":8},"end":{"line":35,"column":65}},"25":{"start":{"line":36,"column":8},"end":{"line":36,"column":19}},"26":{"start":{"line":41,"column":28},"end":{"line":41,"column":30}},"27":{"start":{"line":42,"column":4},"end":{"line":78,"column":null}},"28":{"start":{"line":43,"column":16},"end":{"line":43,"column":40}},"29":{"start":{"line":44,"column":6},"end":{"line":77,"column":null}},"30":{"start":{"line":46,"column":8},"end":{"line":46,"column":22}},"31":{"start":{"line":47,"column":8},"end":{"line":47,"column":16}},"32":{"start":{"line":48,"column":13},"end":{"line":77,"column":null}},"33":{"start":{"line":52,"column":18},"end":{"line":52,"column":46}},"34":{"start":{"line":53,"column":8},"end":{"line":53,"column":19}},"35":{"start":{"line":54,"column":8},"end":{"line":54,"column":51}},"36":{"start":{"line":55,"column":13},"end":{"line":77,"column":null}},"37":{"start":{"line":60,"column":18},"end":{"line":60,"column":46}},"38":{"start":{"line":61,"column":18},"end":{"line":61,"column":46}},"39":{"start":{"line":62,"column":8},"end":{"line":62,"column":19}},"40":{"start":{"line":63,"column":8},"end":{"line":65,"column":10}},"41":{"start":{"line":70,"column":18},"end":{"line":70,"column":43}},"42":{"start":{"line":71,"column":18},"end":{"line":71,"column":33}},"43":{"start":{"line":72,"column":18},"end":{"line":72,"column":39}},"44":{"start":{"line":73,"column":18},"end":{"line":73,"column":36}},"45":{"start":{"line":74,"column":18},"end":{"line":74,"column":26}},"46":{"start":{"line":75,"column":8},"end":{"line":75,"column":34}},"47":{"start":{"line":76,"column":8},"end":{"line":76,"column":19}},"48":{"start":{"line":79,"column":4},"end":{"line":79,"column":51}}},"fnMap":{"0":{"name":"(anonymous_0)","decl":{"start":{"line":4,"column":2},"end":{"line":4,"column":8}},"loc":{"start":{"line":4,"column":18},"end":{"line":39,"column":3}}},"1":{"name":"(anonymous_1)","decl":{"start":{"line":40,"column":2},"end":{"line":40,"column":8}},"loc":{"start":{"line":40,"column":17},"end":{"line":80,"column":3}}}},"branchMap":{"0":{"loc":{"start":{"line":8,"column":6},"end":{"line":37,"column":null}},"type":"if","locations":[{"start":{"line":8,"column":6},"end":{"line":37,"column":null}},{"start":{"line":12,"column":13},"end":{"line":37,"column":null}}]},"1":{"loc":{"start":{"line":12,"column":13},"end":{"line":37,"column":null}},"type":"if","locations":[{"start":{"line":12,"column":13},"end":{"line":37,"column":null}},{"start":{"line":19,"column":13},"end":{"line":37,"column":null}}]},"2":{"loc":{"start":{"line":19,"column":13},"end":{"line":37,"column":null}},"type":"if","locations":[{"start":{"line":19,"column":13},"end":{"line":37,"column":null}},{"start":{"line":27,"column":13},"end":{"line":37,"column":null}}]},"3":{"loc":{"start":{"line":19,"column":17},"end":{"line":19,"column":48}},"type":"binary-expr","locations":[{"start":{"line":19,"column":17},"end":{"line":19,"column":30}},{"start":{"line":19,"column":34},"end":{"line":19,"column":48}}]},"4":{"loc":{"start":{"line":44,"column":6},"end":{"line":77,"column":null}},"type":"if","locations":[{"start":{"line":44,"column":6},"end":{"line":77,"column":null}},{"start":{"line":48,"column":13},"end":{"line":77,"column":null}}]},"5":{"loc":{"start":{"line":48,"column":13},"end":{"line":77,"column":null}},"type":"if","locations":[{"start":{"line":48,"column":13},"end":{"line":77,"column":null}},{"start":{"line":55,"column":13},"end":{"line":77,"column":null}}]},"6":{"loc":{"start":{"line":55,"column":13},"end":{"line":77,"column":null}},"type":"if","locations":[{"start":{"line":55,"column":13},"end":{"line":77,"column":null}},{"start":{"line":66,"column":13},"end":{"line":77,"column":null}}]}},"s":{"0":19,"1":41841,"2":41839,"3":41839,"4":434735,"5":434735,"6":408648,"7":408631,"8":26087,"9":3086,"10":3086,"11":3086,"12":3086,"13":23001,"14":19356,"15":19356,"16":19356,"17":19356,"18":19356,"19":3645,"20":3645,"21":3645,"22":3645,"23":3645,"24":3645,"25":3645,"26":20496,"27":20496,"28":219152,"29":219152,"30":204282,"31":204282,"32":14870,"33":2085,"34":2085,"35":2085,"36":12785,"37":10976,"38":10976,"39":10976,"40":10976,"41":1809,"42":1809,"43":1809,"44":1809,"45":1809,"46":1809,"47":1809,"48":20496},"f":{"0":41841,"1":20496},"b":{"0":[408648,26087],"1":[3086,23001],"2":[19356,3645],"3":[23001,3647],"4":[204282,14870],"5":[2085,12785],"6":[10976,1809]}}
,"/home/runner/work/sirdez/sirdez/src/typers/array.ts": {"path":"/home/runner/work/sirdez/sirdez/src/typers/array.ts","statementMap":{"0":{"start":{"line":3,"column":33},"end":{"line":19,"column":2}},"1":{"start":{"line":3,"column":53},"end":{"line":19,"column":2}},"2":{"start":{"line":5,"column":23},"end":{"line":5,"column":27}},"3":{"start":{"line":6,"column":4},"end":{"line":6,"column":31}},"4":{"start":{"line":7,"column":4},"end":{"line":9,"column":null}},"5":{"start":{"line":7,"column":17},"end":{"line":7,"column":18}},"6":{"start":{"line":8,"column":6},"end":{"line":8,"column":33}},"7":{"start":{"line":12,"column":19},"end":{"line":12,"column":37}},"8":{"start":{"line":13,"column":17},"end":{"line":13,"column":19}},"9":{"start":{"line":14,"column":4},"end":{"line":16,"column":null}},"10":{"start":{"line":14,"column":17},"end":{"line":14,"column":18}},"11":{"start":{"line":15,"column":6},"end":{"line":15,"column":35}},"12":{"start":{"line":17,"column":4},"end":{"line":17,"column":16}},"13":{"start":{"line":3,"column":13},"end":{"line":3,"column":33}}},"fnMap":{"0":{"name":"(anonymous_0)","decl":{"start":{"line":3,"column":33},"end":{"line":3,"column":34}},"loc":{"start":{"line":3,"column":53},"end":{"line":19,"column":2}}},"1":{"name":"(anonymous_1)","decl":{"start":{"line":4,"column":2},"end":{"line":4,"column":8}},"loc":{"start":{"line":4,"column":18},"end":{"line":10,"column":3}}},"2":{"name":"(anonymous_2)","decl":{"start":{"line":11,"column":2},"end":{"line":11,"column":8}},"loc":{"start":{"line":11,"column":12},"end":{"line":18,"column":3}}}},"branchMap":{},"s":{"0":19,"1":4,"2":424,"3":424,"4":424,"5":424,"6":41036,"7":202,"8":202,"9":202,"10":202,"11":20103,"12":202,"13":19},"f":{"0":4,"1":424,"2":202},"b":{}}
,"/home/runner/work/sirdez/sirdez/src/typers/asyncArray.ts": {"path":"/home/runner/work/sirdez/sirdez/src/typers/asyncArray.ts","statementMap":{"0":{"start":{"line":3,"column":43},"end":{"line":19,"column":2}},"1":{"start":{"line":3,"column":63},"end":{"line":19,"column":2}},"2":{"start":{"line":5,"column":23},"end":{"line":5,"column":27}},"3":{"start":{"line":6,"column":4},"end":{"line":6,"column":31}},"4":{"start":{"line":7,"column":4},"end":{"line":9,"column":null}},"5":{"start":{"line":7,"column":17},"end":{"line":7,"column":18}},"6":{"start":{"line":8,"column":6},"end":{"line":8,"column":39}},"7":{"start":{"line":12,"column":19},"end":{"line":12,"column":37}},"8":{"start":{"line":13,"column":17},"end":{"line":13,"column":19}},"9":{"start":{"line":14,"column":4},"end":{"line":16,"column":null}},"10":{"start":{"line":14,"column":17},"end":{"line":14,"column":18}},"11":{"start":{"line":15,"column":6},"end":{"line":15,"column":41}},"12":{"start":{"line":17,"column":4},"end":{"line":17,"column":16}},"13":{"start":{"line":3,"column":13},"end":{"line":3,"column":43}}},"fnMap":{"0":{"name":"(anonymous_0)","decl":{"start":{"line":3,"column":43},"end":{"line":3,"column":44}},"loc":{"start":{"line":3,"column":63},"end":{"line":19,"column":2}}},"1":{"name":"(anonymous_1)","decl":{"start":{"line":4,"column":2},"end":{"line":4,"column":7}},"loc":{"start":{"line":4,"column":24},"end":{"line":10,"column":3}}},"2":{"name":"(anonymous_2)","decl":{"start":{"line":11,"column":2},"end":{"line":11,"column":7}},"loc":{"start":{"line":11,"column":18},"end":{"line":18,"column":3}}}},"branchMap":{},"s":{"0":19,"1":2,"2":14,"3":14,"4":14,"5":14,"6":213,"7":2,"8":2,"9":2,"10":2,"11":103,"12":2,"13":19},"f":{"0":2,"1":14,"2":2},"b":{}}
,"/home/runner/work/sirdez/sirdez/src/typers/asyncEvalStruct.ts": {"path":"/home/runner/work/sirdez/sirdez/src/typers/asyncEvalStruct.ts","statementMap":{"0":{"start":{"line":2,"column":0},"end":{"line":2,"column":45}},"1":{"start":{"line":4,"column":49},"end":{"line":5,"column":37}},"2":{"start":{"line":5,"column":2},"end":{"line":5,"column":37}},"3":{"start":{"line":4,"column":13},"end":{"line":4,"column":49}},"4":{"start":{"line":7,"column":47},"end":{"line":8,"column":29}},"5":{"start":{"line":8,"column":2},"end":{"line":8,"column":29}},"6":{"start":{"line":7,"column":13},"end":{"line":7,"column":47}}},"fnMap":{"0":{"name":"(anonymous_0)","decl":{"start":{"line":4,"column":49},"end":{"line":4,"column":50}},"loc":{"start":{"line":5,"column":2},"end":{"line":5,"column":37}}},"1":{"name":"(anonymous_1)","decl":{"start":{"line":7,"column":47},"end":{"line":7,"column":48}},"loc":{"start":{"line":8,"column":2},"end":{"line":8,"column":29}}}},"branchMap":{},"s":{"0":19,"1":19,"2":2,"3":19,"4":19,"5":1,"6":19},"f":{"0":2,"1":1},"b":{}}
,"/home/runner/work/sirdez/sirdez/src/typers/asyncOptional.ts": {"path":"/home/runner/work/sirdez/sirdez/src/typers/asyncOptional.ts","statementMap":{"0":{"start":{"line":3,"column":49},"end":{"line":17,"column":2}},"1":{"start":{"line":3,"column":61},"end":{"line":17,"column":2}},"2":{"start":{"line":5,"column":4},"end":{"line":10,"column":null}},"3":{"start":{"line":6,"column":6},"end":{"line":6,"column":36}},"4":{"start":{"line":8,"column":6},"end":{"line":8,"column":36}},"5":{"start":{"line":9,"column":6},"end":{"line":9,"column":36}},"6":{"start":{"line":13,"column":4},"end":{"line":15,"column":null}},"7":{"start":{"line":14,"column":6},"end":{"line":14,"column":37}},"8":{"start":{"line":3,"column":13},"end":{"line":3,"column":49}}},"fnMap":{"0":{"name":"(anonymous_0)","decl":{"start":{"line":3,"column":49},"end":{"line":3,"column":50}},"loc":{"start":{"line":3,"column":61},"end":{"line":17,"column":2}}},"1":{"name":"(anonymous_1)","decl":{"start":{"line":4,"column":2},"end":{"line":4,"column":7}},"loc":{"start":{"line":4,"column":24},"end":{"line":11,"column":3}}},"2":{"name":"(anonymous_2)","decl":{"start":{"line":12,"column":2},"end":{"line":12,"column":7}},"loc":{"start":{"line":12,"column":18},"end":{"line":16,"column":3}}}},"branchMap":{"0":{"loc":{"start":{"line":5,"column":4},"end":{"line":10,"column":null}},"type":"if","locations":[{"start":{"line":5,"column":4},"end":{"line":10,"column":null}},{"start":{"line":7,"column":11},"end":{"line":10,"column":null}}]},"1":{"loc":{"start":{"line":13,"column":4},"end":{"line":15,"column":null}},"type":"if","locations":[{"start":{"line":13,"column":4},"end":{"line":15,"column":null}}]}},"s":{"0":19,"1":1,"2":2,"3":1,"4":1,"5":1,"6":2,"7":1,"8":19},"f":{"0":1,"1":2,"2":2},"b":{"0":[1,1],"1":[1]}}
,"/home/runner/work/sirdez/sirdez/src/typers/asyncRecord.ts": {"path":"/home/runner/work/sirdez/sirdez/src/typers/asyncRecord.ts","statementMap":{"0":{"start":{"line":3,"column":45},"end":{"line":24,"column":2}},"1":{"start":{"line":7,"column":6},"end":{"line":24,"column":2}},"2":{"start":{"line":9,"column":23},"end":{"line":9,"column":40}},"3":{"start":{"line":10,"column":4},"end":{"line":10,"column":31}},"4":{"start":{"line":11,"column":4},"end":{"line":14,"column":null}},"5":{"start":{"line":12,"column":6},"end":{"line":12,"column":29}},"6":{"start":{"line":13,"column":6},"end":{"line":13,"column":41}},"7":{"start":{"line":17,"column":19},"end":{"line":17,"column":37}},"8":{"start":{"line":18,"column":38},"end":{"line":18,"column":40}},"9":{"start":{"line":19,"column":4},"end":{"line":21,"column":null}},"10":{"start":{"line":19,"column":17},"end":{"line":19,"column":18}},"11":{"start":{"line":20,"column":6},"end":{"line":20,"column":56}},"12":{"start":{"line":22,"column":4},"end":{"line":22,"column":16}},"13":{"start":{"line":3,"column":13},"end":{"line":3,"column":45}}},"fnMap":{"0":{"name":"(anonymous_0)","decl":{"start":{"line":3,"column":45},"end":{"line":3,"column":null}},"loc":{"start":{"line":7,"column":6},"end":{"line":24,"column":2}}},"1":{"name":"(anonymous_1)","decl":{"start":{"line":8,"column":2},"end":{"line":8,"column":7}},"loc":{"start":{"line":8,"column":24},"end":{"line":15,"column":3}}},"2":{"name":"(anonymous_2)","decl":{"start":{"line":16,"column":2},"end":{"line":16,"column":7}},"loc":{"start":{"line":16,"column":18},"end":{"line":23,"column":3}}}},"branchMap":{},"s":{"0":19,"1":1,"2":1,"3":1,"4":1,"5":2,"6":2,"7":1,"8":1,"9":1,"10":1,"11":2,"12":1,"13":19},"f":{"0":1,"1":1,"2":1},"b":{}}
,"/home/runner/work/sirdez/sirdez/src/typers/asyncStruct.ts": {"path":"/home/runner/work/sirdez/sirdez/src/typers/asyncStruct.ts","statementMap":{"0":{"start":{"line":3,"column":45},"end":{"line":19,"column":1}},"1":{"start":{"line":4,"column":14},"end":{"line":4,"column":65}},"2":{"start":{"line":4,"column":50},"end":{"line":4,"column":52}},"3":{"start":{"line":4,"column":62},"end":{"line":4,"column":64}},"4":{"start":{"line":5,"column":2},"end":{"line":18,"column":4}},"5":{"start":{"line":7,"column":6},"end":{"line":9,"column":null}},"6":{"start":{"line":8,"column":8},"end":{"line":8,"column":53}},"7":{"start":{"line":12,"column":19},"end":{"line":12,"column":47}},"8":{"start":{"line":13,"column":6},"end":{"line":15,"column":null}},"9":{"start":{"line":14,"column":8},"end":{"line":14,"column":54}},"10":{"start":{"line":16,"column":6},"end":{"line":16,"column":18}},"11":{"start":{"line":3,"column":13},"end":{"line":3,"column":45}},"12":{"start":{"line":21,"column":43},"end":{"line":22,"column":24}},"13":{"start":{"line":22,"column":2},"end":{"line":22,"column":24}},"14":{"start":{"line":21,"column":13},"end":{"line":21,"column":43}}},"fnMap":{"0":{"name":"(anonymous_0)","decl":{"start":{"line":3,"column":45},"end":{"line":3,"column":46}},"loc":{"start":{"line":3,"column":60},"end":{"line":19,"column":1}}},"1":{"name":"(anonymous_1)","decl":{"start":{"line":4,"column":44},"end":{"line":4,"column":47}},"loc":{"start":{"line":4,"column":50},"end":{"line":4,"column":52}}},"2":{"name":"(anonymous_2)","decl":{"start":{"line":4,"column":55},"end":{"line":4,"column":58}},"loc":{"start":{"line":4,"column":62},"end":{"line":4,"column":64}}},"3":{"name":"(anonymous_3)","decl":{"start":{"line":6,"column":4},"end":{"line":6,"column":9}},"loc":{"start":{"line":6,"column":26},"end":{"line":10,"column":5}}},"4":{"name":"(anonymous_4)","decl":{"start":{"line":11,"column":4},"end":{"line":11,"column":9}},"loc":{"start":{"line":11,"column":20},"end":{"line":17,"column":5}}},"5":{"name":"(anonymous_5)","decl":{"start":{"line":21,"column":43},"end":{"line":21,"column":44}},"loc":{"start":{"line":22,"column":2},"end":{"line":22,"column":24}}}},"branchMap":{"0":{"loc":{"start":{"line":4,"column":14},"end":{"line":4,"column":65}},"type":"cond-expr","locations":[{"start":{"line":4,"column":44},"end":{"line":4,"column":52}},{"start":{"line":4,"column":55},"end":{"line":4,"column":65}}]}},"s":{"0":19,"1":3,"2":1,"3":101,"4":3,"5":212,"6":1241,"7":102,"8":102,"9":604,"10":102,"11":19,"12":19,"13":1,"14":19},"f":{"0":3,"1":1,"2":101,"3":212,"4":102,"5":1},"b":{"0":[1,2]}}
,"/home/runner/work/sirdez/sirdez/src/typers/boolean.ts": {"path":"/home/runner/work/sirdez/sirdez/src/typers/boolean.ts","statementMap":{"0":{"start":{"line":3,"column":13},"end":{"line":10,"column":2}},"1":{"start":{"line":5,"column":4},"end":{"line":5,"column":38}},"2":{"start":{"line":8,"column":4},"end":{"line":8,"column":47}}},"fnMap":{"0":{"name":"(anonymous_0)","decl":{"start":{"line":4,"column":2},"end":{"line":4,"column":8}},"loc":{"start":{"line":4,"column":18},"end":{"line":6,"column":3}}},"1":{"name":"(anonymous_1)","decl":{"start":{"line":7,"column":2},"end":{"line":7,"column":8}},"loc":{"start":{"line":7,"column":12},"end":{"line":9,"column":3}}}},"branchMap":{},"s":{"0":19,"1":210,"2":112},"f":{"0":210,"1":112},"b":{}}
,"/home/runner/work/sirdez/sirdez/src/typers/bytes.ts": {"path":"/home/runner/work/sirdez/sirdez/src/typers/bytes.ts","statementMap":{"0":{"start":{"line":3,"column":33},"end":{"line":14,"column":2}},"1":{"start":{"line":3,"column":46},"end":{"line":14,"column":2}},"2":{"start":{"line":5,"column":27},"end":{"line":5,"column":31}},"3":{"start":{"line":6,"column":4},"end":{"line":6,"column":35}},"4":{"start":{"line":7,"column":4},"end":{"line":7,"column":31}},"5":{"start":{"line":8,"column":4},"end":{"line":8,"column":24}},"6":{"start":{"line":11,"column":23},"end":{"line":11,"column":41}},"7":{"start":{"line":12,"column":4},"end":{"line":12,"column":60}},"8":{"start":{"line":3,"column":13},"end":{"line":3,"column":33}}},"fnMap":{"0":{"name":"(anonymous_0)","decl":{"start":{"line":3,"column":33},"end":{"line":3,"column":34}},"loc":{"start":{"line":3,"column":46},"end":{"line":14,"column":2}}},"1":{"name":"(anonymous_1)","decl":{"start":{"line":4,"column":2},"end":{"line":4,"column":8}},"loc":{"start":{"line":4,"column":18},"end":{"line":9,"column":3}}},"2":{"name":"(anonymous_2)","decl":{"start":{"line":10,"column":2},"end":{"line":10,"column":8}},"loc":{"start":{"line":10,"column":12},"end":{"line":13,"column":3}}}},"branchMap":{},"s":{"0":19,"1":1,"2":1,"3":1,"4":1,"5":1,"6":1,"7":1,"8":19},"f":{"0":1,"1":1,"2":1},"b":{}}
,"/home/runner/work/sirdez/sirdez/src/typers/evalNumber.ts": {"path":"/home/runner/work/sirdez/sirdez/src/typers/evalNumber.ts","statementMap":{"0":{"start":{"line":3,"column":39},"end":{"line":12,"column":1}},"1":{"start":{"line":5,"column":18},"end":{"line":7,"column":8}},"2":{"start":{"line":8,"column":17},"end":{"line":8,"column":25}},"3":{"start":{"line":9,"column":2},"end":{"line":11,"column":6}},"4":{"start":{"line":3,"column":13},"end":{"line":3,"column":39}},"5":{"start":{"line":14,"column":13},"end":{"line":14,"column":47}},"6":{"start":{"line":15,"column":13},"end":{"line":15,"column":49}},"7":{"start":{"line":16,"column":13},"end":{"line":16,"column":49}},"8":{"start":{"line":17,"column":13},"end":{"line":17,"column":45}},"9":{"start":{"line":18,"column":13},"end":{"line":18,"column":47}},"10":{"start":{"line":19,"column":13},"end":{"line":19,"column":47}},"11":{"start":{"line":20,"column":13},"end":{"line":20,"column":55}},"12":{"start":{"line":21,"column":13},"end":{"line":21,"column":53}},"13":{"start":{"line":22,"column":13},"end":{"line":22,"column":51}},"14":{"start":{"line":23,"column":13},"end":{"line":23,"column":51}}},"fnMap":{"0":{"name":"(anonymous_0)","decl":{"start":{"line":3,"column":39},"end":{"line":3,"column":40}},"loc":{"start":{"line":3,"column":54},"end":{"line":12,"column":1}}}},"branchMap":{},"s":{"0":19,"1":202,"2":202,"3":202,"4":19,"5":19,"6":19,"7":19,"8":19,"9":19,"10":19,"11":19,"12":19,"13":19,"14":19},"f":{"0":202},"b":{}}
,"/home/runner/work/sirdez/sirdez/src/typers/evalStruct.ts": {"path":"/home/runner/work/sirdez/sirdez/src/typers/evalStruct.ts","statementMap":{"0":{"start":{"line":2,"column":0},"end":{"line":2,"column":45}},"1":{"start":{"line":4,"column":39},"end":{"line":5,"column":38}},"2":{"start":{"line":5,"column":2},"end":{"line":5,"column":38}},"3":{"start":{"line":4,"column":13},"end":{"line":4,"column":39}},"4":{"start":{"line":7,"column":37},"end":{"line":8,"column":24}},"5":{"start":{"line":8,"column":2},"end":{"line":8,"column":24}},"6":{"start":{"line":7,"column":13},"end":{"line":7,"column":37}}},"fnMap":{"0":{"name":"(anonymous_0)","decl":{"start":{"line":4,"column":39},"end":{"line":4,"column":40}},"loc":{"start":{"line":5,"column":2},"end":{"line":5,"column":38}}},"1":{"name":"(anonymous_1)","decl":{"start":{"line":7,"column":37},"end":{"line":7,"column":38}},"loc":{"start":{"line":8,"column":2},"end":{"line":8,"column":24}}}},"branchMap":{},"s":{"0":19,"1":19,"2":2,"3":19,"4":19,"5":1,"6":19},"f":{"0":2,"1":1},"b":{}}
,"/home/runner/work/sirdez/sirdez/src/typers/index.ts": {"path":"/home/runner/work/sirdez/sirdez/src/typers/index.ts","statementMap":{"0":{"start":{"line":1,"column":0},"end":{"line":1,"column":24}},"1":{"start":{"line":2,"column":0},"end":{"line":2,"column":25}},"2":{"start":{"line":3,"column":0},"end":{"line":3,"column":27}},"3":{"start":{"line":4,"column":0},"end":{"line":4,"column":25}},"4":{"start":{"line":5,"column":0},"end":{"line":5,"column":25}},"5":{"start":{"line":6,"column":0},"end":{"line":6,"column":25}},"6":{"start":{"line":7,"column":0},"end":{"line":7,"column":24}},"7":{"start":{"line":8,"column":0},"end":{"line":8,"column":26}},"8":{"start":{"line":9,"column":0},"end":{"line":9,"column":29}},"9":{"start":{"line":10,"column":0},"end":{"line":10,"column":29}},"10":{"start":{"line":11,"column":0},"end":{"line":11,"column":29}},"11":{"start":{"line":12,"column":0},"end":{"line":12,"column":34}},"12":{"start":{"line":13,"column":0},"end":{"line":13,"column":32}},"13":{"start":{"line":14,"column":0},"end":{"line":14,"column":30}},"14":{"start":{"line":15,"column":0},"end":{"line":15,"column":30}}},"fnMap":{},"branchMap":{},"s":{"0":19,"1":19,"2":19,"3":19,"4":19,"5":19,"6":19,"7":19,"8":19,"9":19,"10":19,"11":19,"12":19,"13":19,"14":19},"f":{},"b":{}}
,"/home/runner/work/sirdez/sirdez/src/typers/number.ts": {"path":"/home/runner/work/sirdez/sirdez/src/typers/number.ts","statementMap":{"0":{"start":{"line":3,"column":13},"end":{"line":10,"column":2}},"1":{"start":{"line":5,"column":4},"end":{"line":5,"column":37}},"2":{"start":{"line":8,"column":4},"end":{"line":8,"column":38}},"3":{"start":{"line":12,"column":13},"end":{"line":22,"column":2}},"4":{"start":{"line":14,"column":4},"end":{"line":14,"column":36}},"5":{"start":{"line":15,"column":4},"end":{"line":15,"column":15}},"6":{"start":{"line":18,"column":17},"end":{"line":18,"column":42}},"7":{"start":{"line":19,"column":4},"end":{"line":19,"column":15}},"8":{"start":{"line":20,"column":4},"end":{"line":20,"column":16}},"9":{"start":{"line":24,"column":13},"end":{"line":34,"column":2}},"10":{"start":{"line":26,"column":4},"end":{"line":26,"column":36}},"11":{"start":{"line":27,"column":4},"end":{"line":27,"column":15}},"12":{"start":{"line":30,"column":17},"end":{"line":30,"column":42}},"13":{"start":{"line":31,"column":4},"end":{"line":31,"column":15}},"14":{"start":{"line":32,"column":4},"end":{"line":32,"column":16}},"15":{"start":{"line":36,"column":13},"end":{"line":46,"column":2}},"16":{"start":{"line":38,"column":4},"end":{"line":38,"column":39}},"17":{"start":{"line":39,"column":4},"end":{"line":39,"column":15}},"18":{"start":{"line":42,"column":17},"end":{"line":42,"column":45}},"19":{"start":{"line":43,"column":4},"end":{"line":43,"column":15}},"20":{"start":{"line":44,"column":4},"end":{"line":44,"column":16}},"21":{"start":{"line":48,"column":13},"end":{"line":55,"column":2}},"22":{"start":{"line":50,"column":4},"end":{"line":50,"column":36}},"23":{"start":{"line":53,"column":4},"end":{"line":53,"column":37}},"24":{"start":{"line":57,"column":13},"end":{"line":67,"column":2}},"25":{"start":{"line":59,"column":4},"end":{"line":59,"column":35}},"26":{"start":{"line":60,"column":4},"end":{"line":60,"column":15}},"27":{"start":{"line":63,"column":17},"end":{"line":63,"column":41}},"28":{"start":{"line":64,"column":4},"end":{"line":64,"column":15}},"29":{"start":{"line":65,"column":4},"end":{"line":65,"column":16}},"30":{"start":{"line":69,"column":13},"end":{"line":79,"column":2}},"31":{"start":{"line":71,"column":4},"end":{"line":71,"column":35}},"32":{"start":{"line":72,"column":4},"end":{"line":72,"column":15}},"33":{"start":{"line":75,"column":17},"end":{"line":75,"column":41}},"34":{"start":{"line":76,"column":4},"end":{"line":76,"column":15}},"35":{"start":{"line":77,"column":4},"end":{"line":77,"column":16}},"36":{"start":{"line":81,"column":13},"end":{"line":91,"column":2}},"37":{"start":{"line":83,"column":4},"end":{"line":83,"column":38}},"38":{"start":{"line":84,"column":4},"end":{"line":84,"column":15}},"39":{"start":{"line":87,"column":17},"end":{"line":87,"column":44}},"40":{"start":{"line":88,"column":4},"end":{"line":88,"column":15}},"41":{"start":{"line":89,"column":4},"end":{"line":89,"column":16}},"42":{"start":{"line":93,"column":13},"end":{"line":103,"column":2}},"43":{"start":{"line":95,"column":4},"end":{"line":95,"column":37}},"44":{"start":{"line":96,"column":4},"end":{"line":96,"column":15}},"45":{"start":{"line":99,"column":17},"end":{"line":99,"column":43}},"46":{"start":{"line":100,"column":4},"end":{"line":100,"column":15}},"47":{"start":{"line":101,"column":4},"end":{"line":101,"column":16}},"48":{"start":{"line":105,"column":13},"end":{"line":115,"column":2}},"49":{"start":{"line":107,"column":4},"end":{"line":107,"column":37}},"50":{"start":{"line":108,"column":4},"end":{"line":108,"column":15}},"51":{"start":{"line":111,"column":17},"end":{"line":111,"column":43}},"52":{"start":{"line":112,"column":4},"end":{"line":112,"column":15}},"53":{"start":{"line":113,"column":4},"end":{"line":113,"column":16}},"54":{"start":{"line":117,"column":17},"end":{"line":128,"column":11}},"55":{"start":{"line":130,"column":35},"end":{"line":132,"column":null}},"56":{"start":{"line":131,"column":2},"end":{"line":132,"column":null}},"57":{"start":{"line":130,"column":13},"end":{"line":130,"column":35}}},"fnMap":{"0":{"name":"(anonymous_0)","decl":{"start":{"line":4,"column":2},"end":{"line":4,"column":8}},"loc":{"start":{"line":4,"column":18},"end":{"line":6,"column":3}}},"1":{"name":"(anonymous_1)","decl":{"start":{"line":7,"column":2},"end":{"line":7,"column":8}},"loc":{"start":{"line":7,"column":12},"end":{"line":9,"column":3}}},"2":{"name":"(anonymous_2)","decl":{"start":{"line":13,"column":2},"end":{"line":13,"column":8}},"loc":{"start":{"line":13,"column":18},"end":{"line":16,"column":3}}},"3":{"name":"(anonymous_3)","decl":{"start":{"line":17,"column":2},"end":{"line":17,"column":8}},"loc":{"start":{"line":17,"column":12},"end":{"line":21,"column":3}}},"4":{"name":"(anonymous_4)","decl":{"start":{"line":25,"column":2},"end":{"line":25,"column":8}},"loc":{"start":{"line":25,"column":18},"end":{"line":28,"column":3}}},"5":{"name":"(anonymous_5)","decl":{"start":{"line":29,"column":2},"end":{"line":29,"column":8}},"loc":{"start":{"line":29,"column":12},"end":{"line":33,"column":3}}},"6":{"name":"(anonymous_6)","decl":{"start":{"line":37,"column":2},"end":{"line":37,"column":8}},"loc":{"start":{"line":37,"column":18},"end":{"line":40,"column":3}}},"7":{"name":"(anonymous_7)","decl":{"start":{"line":41,"column":2},"end":{"line":41,"column":8}},"loc":{"start":{"line":41,"column":12},"end":{"line":45,"column":3}}},"8":{"name":"(anonymous_8)","decl":{"start":{"line":49,"column":2},"end":{"line":49,"column":8}},"loc":{"start":{"line":49,"column":18},"end":{"line":51,"column":3}}},"9":{"name":"(anonymous_9)","decl":{"start":{"line":52,"column":2},"end":{"line":52,"column":8}},"loc":{"start":{"line":52,"column":12},"end":{"line":54,"column":3}}},"10":{"name":"(anonymous_10)","decl":{"start":{"line":58,"column":2},"end":{"line":58,"column":8}},"loc":{"start":{"line":58,"column":18},"end":{"line":61,"column":3}}},"11":{"name":"(anonymous_11)","decl":{"start":{"line":62,"column":2},"end":{"line":62,"column":8}},"loc":{"start":{"line":62,"column":12},"end":{"line":66,"column":3}}},"12":{"name":"(anonymous_12)","decl":{"start":{"line":70,"column":2},"end":{"line":70,"column":8}},"loc":{"start":{"line":70,"column":18},"end":{"line":73,"column":3}}},"13":{"name":"(anonymous_13)","decl":{"start":{"line":74,"column":2},"end":{"line":74,"column":8}},"loc":{"start":{"line":74,"column":12},"end":{"line":78,"column":3}}},"14":{"name":"(anonymous_14)","decl":{"start":{"line":82,"column":2},"end":{"line":82,"column":8}},"loc":{"start":{"line":82,"column":18},"end":{"line":85,"column":3}}},"15":{"name":"(anonymous_15)","decl":{"start":{"line":86,"column":2},"end":{"line":86,"column":8}},"loc":{"start":{"line":86,"column":12},"end":{"line":90,"column":3}}},"16":{"name":"(anonymous_16)","decl":{"start":{"line":94,"column":2},"end":{"line":94,"column":8}},"loc":{"start":{"line":94,"column":18},"end":{"line":97,"column":3}}},"17":{"name":"(anonymous_17)","decl":{"start":{"line":98,"column":2},"end":{"line":98,"column":8}},"loc":{"start":{"line":98,"column":12},"end":{"line":102,"column":3}}},"18":{"name":"(anonymous_18)","decl":{"start":{"line":106,"column":2},"end":{"line":106,"column":8}},"loc":{"start":{"line":106,"column":18},"end":{"line":109,"column":3}}},"19":{"name":"(anonymous_19)","decl":{"start":{"line":110,"column":2},"end":{"line":110,"column":8}},"loc":{"start":{"line":110,"column":12},"end":{"line":114,"column":3}}},"20":{"name":"(anonymous_20)","decl":{"start":{"line":130,"column":35},"end":{"line":130,"column":36}},"loc":{"start":{"line":131,"column":2},"end":{"line":132,"column":null}}}},"branchMap":{},"s":{"0":19,"1":83733,"2":20725,"3":19,"4":24,"5":24,"6":4,"7":4,"8":4,"9":19,"10":802,"11":802,"12":202,"13":202,"14":202,"15":19,"16":2,"17":2,"18":2,"19":2,"20":2,"21":19,"22":2,"23":2,"24":19,"25":2,"26":2,"27":2,"28":2,"29":2,"30":19,"31":2,"32":2,"33":2,"34":2,"35":2,"36":19,"37":2,"38":2,"39":2,"40":2,"41":2,"42":19,"43":1,"44":1,"45":1,"46":1,"47":1,"48":19,"49":1,"50":1,"51":1,"52":1,"53":1,"54":19,"55":19,"56":12,"57":19},"f":{"0":83733,"1":20725,"2":24,"3":4,"4":802,"5":202,"6":2,"7":2,"8":2,"9":2,"10":2,"11":2,"12":2,"13":2,"14":2,"15":2,"16":1,"17":1,"18":1,"19":1,"20":12},"b":{}}
,"/home/runner/work/sirdez/sirdez/src/typers/optional.ts": {"path":"/home/runner/work/sirdez/sirdez/src/typers/optional.ts","statementMap":{"0":{"start":{"line":3,"column":39},"end":{"line":17,"column":2}},"1":{"start":{"line":3,"column":51},"end":{"line":17,"column":2}},"2":{"start":{"line":5,"column":4},"end":{"line":10,"column":null}},"3":{"start":{"line":6,"column":6},"end":{"line":6,"column":36}},"4":{"start":{"line":8,"column":6},"end":{"line":8,"column":36}},"5":{"start":{"line":9,"column":6},"end":{"line":9,"column":30}},"6":{"start":{"line":13,"column":4},"end":{"line":15,"column":null}},"7":{"start":{"line":14,"column":6},"end":{"line":14,"column":31}},"8":{"start":{"line":3,"column":13},"end":{"line":3,"column":39}}},"fnMap":{"0":{"name":"(anonymous_0)","decl":{"start":{"line":3,"column":39},"end":{"line":3,"column":40}},"loc":{"start":{"line":3,"column":51},"end":{"line":17,"column":2}}},"1":{"name":"(anonymous_1)","decl":{"start":{"line":4,"column":2},"end":{"line":4,"column":8}},"loc":{"start":{"line":4,"column":18},"end":{"line":11,"column":3}}},"2":{"name":"(anonymous_2)","decl":{"start":{"line":12,"column":2},"end":{"line":12,"column":8}},"loc":{"start":{"line":12,"column":12},"end":{"line":16,"column":3}}}},"branchMap":{"0":{"loc":{"start":{"line":5,"column":4},"end":{"line":10,"column":null}},"type":"if","locations":[{"start":{"line":5,"column":4},"end":{"line":10,"column":null}},{"start":{"line":7,"column":11},"end":{"line":10,"column":null}}]},"1":{"loc":{"start":{"line":13,"column":4},"end":{"line":15,"column":null}},"type":"if","locations":[{"start":{"line":13,"column":4},"end":{"line":15,"column":null}}]}},"s":{"0":19,"1":3,"2":416,"3":221,"4":195,"5":195,"6":202,"7":96,"8":19},"f":{"0":3,"1":416,"2":202},"b":{"0":[221,195],"1":[96]}}
,"/home/runner/work/sirdez/sirdez/src/typers/record.ts": {"path":"/home/runner/work/sirdez/sirdez/src/typers/record.ts","statementMap":{"0":{"start":{"line":3,"column":35},"end":{"line":20,"column":2}},"1":{"start":{"line":3,"column":62},"end":{"line":20,"column":2}},"2":{"start":{"line":5,"column":23},"end":{"line":5,"column":40}},"3":{"start":{"line":6,"column":4},"end":{"line":6,"column":31}},"4":{"start":{"line":7,"column":4},"end":{"line":10,"column":null}},"5":{"start":{"line":8,"column":6},"end":{"line":8,"column":29}},"6":{"start":{"line":9,"column":6},"end":{"line":9,"column":35}},"7":{"start":{"line":13,"column":19},"end":{"line":13,"column":37}},"8":{"start":{"line":14,"column":55},"end":{"line":14,"column":57}},"9":{"start":{"line":15,"column":4},"end":{"line":17,"column":null}},"10":{"start":{"line":15,"column":17},"end":{"line":15,"column":18}},"11":{"start":{"line":16,"column":6},"end":{"line":16,"column":50}},"12":{"start":{"line":18,"column":4},"end":{"line":18,"column":16}},"13":{"start":{"line":3,"column":13},"end":{"line":3,"column":35}}},"fnMap":{"0":{"name":"(anonymous_0)","decl":{"start":{"line":3,"column":35},"end":{"line":3,"column":36}},"loc":{"start":{"line":3,"column":62},"end":{"line":20,"column":2}}},"1":{"name":"(anonymous_1)","decl":{"start":{"line":4,"column":2},"end":{"line":4,"column":8}},"loc":{"start":{"line":4,"column":18},"end":{"line":11,"column":3}}},"2":{"name":"(anonymous_2)","decl":{"start":{"line":12,"column":2},"end":{"line":12,"column":8}},"loc":{"start":{"line":12,"column":12},"end":{"line":19,"column":3}}}},"branchMap":{},"s":{"0":19,"1":1,"2":1,"3":1,"4":1,"5":2,"6":2,"7":1,"8":1,"9":1,"10":1,"11":2,"12":1,"13":19},"f":{"0":1,"1":1,"2":1},"b":{}}
,"/home/runner/work/sirdez/sirdez/src/typers/string.ts": {"path":"/home/runner/work/sirdez/sirdez/src/typers/string.ts","statementMap":{"0":{"start":{"line":3,"column":35},"end":{"line":18,"column":2}},"1":{"start":{"line":3,"column":59},"end":{"line":18,"column":2}},"2":{"start":{"line":5,"column":17},"end":{"line":5,"column":22}},"3":{"start":{"line":6,"column":4},"end":{"line":6,"column":26}},"4":{"start":{"line":7,"column":18},"end":{"line":7,"column":23}},"5":{"start":{"line":8,"column":4},"end":{"line":8,"column":32}},"6":{"start":{"line":9,"column":16},"end":{"line":9,"column":21}},"7":{"start":{"line":10,"column":17},"end":{"line":10,"column":28}},"8":{"start":{"line":11,"column":4},"end":{"line":11,"column":17}},"9":{"start":{"line":12,"column":4},"end":{"line":12,"column":29}},"10":{"start":{"line":13,"column":4},"end":{"line":13,"column":16}},"11":{"start":{"line":16,"column":4},"end":{"line":16,"column":61}},"12":{"start":{"line":3,"column":13},"end":{"line":3,"column":35}}},"fnMap":{"0":{"name":"(anonymous_0)","decl":{"start":{"line":3,"column":35},"end":{"line":3,"column":36}},"loc":{"start":{"line":3,"column":59},"end":{"line":18,"column":2}}},"1":{"name":"(anonymous_1)","decl":{"start":{"line":4,"column":2},"end":{"line":4,"column":8}},"loc":{"start":{"line":4,"column":18},"end":{"line":14,"column":3}}},"2":{"name":"(anonymous_2)","decl":{"start":{"line":15,"column":2},"end":{"line":15,"column":8}},"loc":{"start":{"line":15,"column":12},"end":{"line":17,"column":3}}}},"branchMap":{},"s":{"0":19,"1":19,"2":41854,"3":41854,"4":41853,"5":41853,"6":41834,"7":41834,"8":41834,"9":41834,"10":41834,"11":20508,"12":19},"f":{"0":19,"1":41854,"2":20508},"b":{}}
,"/home/runner/work/sirdez/sirdez/src/typers/struct.ts": {"path":"/home/runner/work/sirdez/sirdez/src/typers/struct.ts","statementMap":{"0":{"start":{"line":3,"column":35},"end":{"line":19,"column":1}},"1":{"start":{"line":4,"column":14},"end":{"line":4,"column":65}},"2":{"start":{"line":4,"column":50},"end":{"line":4,"column":52}},"3":{"start":{"line":4,"column":62},"end":{"line":4,"column":64}},"4":{"start":{"line":5,"column":2},"end":{"line":18,"column":4}},"5":{"start":{"line":7,"column":6},"end":{"line":9,"column":null}},"6":{"start":{"line":8,"column":8},"end":{"line":8,"column":47}},"7":{"start":{"line":12,"column":19},"end":{"line":12,"column":47}},"8":{"start":{"line":13,"column":6},"end":{"line":15,"column":null}},"9":{"start":{"line":14,"column":8},"end":{"line":14,"column":48}},"10":{"start":{"line":16,"column":6},"end":{"line":16,"column":18}},"11":{"start":{"line":3,"column":13},"end":{"line":3,"column":35}},"12":{"start":{"line":21,"column":33},"end":{"line":22,"column":20}},"13":{"start":{"line":22,"column":2},"end":{"line":22,"column":20}},"14":{"start":{"line":21,"column":13},"end":{"line":21,"column":33}}},"fnMap":{"0":{"name":"(anonymous_0)","decl":{"start":{"line":3,"column":35},"end":{"line":3,"column":36}},"loc":{"start":{"line":3,"column":50},"end":{"line":19,"column":1}}},"1":{"name":"(anonymous_1)","decl":{"start":{"line":4,"column":44},"end":{"line":4,"column":47}},"loc":{"start":{"line":4,"column":50},"end":{"line":4,"column":52}}},"2":{"name":"(anonymous_2)","decl":{"start":{"line":4,"column":55},"end":{"line":4,"column":58}},"loc":{"start":{"line":4,"column":62},"end":{"line":4,"column":64}}},"3":{"name":"(anonymous_3)","decl":{"start":{"line":6,"column":4},"end":{"line":6,"column":10}},"loc":{"start":{"line":6,"column":20},"end":{"line":10,"column":5}}},"4":{"name":"(anonymous_4)","decl":{"start":{"line":11,"column":4},"end":{"line":11,"column":10}},"loc":{"start":{"line":11,"column":14},"end":{"line":17,"column":5}}},"5":{"name":"(anonymous_5)","decl":{"start":{"line":21,"column":33},"end":{"line":21,"column":34}},"loc":{"start":{"line":22,"column":2},"end":{"line":22,"column":20}}}},"branchMap":{"0":{"loc":{"start":{"line":4,"column":14},"end":{"line":4,"column":65}},"type":"cond-expr","locations":[{"start":{"line":4,"column":44},"end":{"line":4,"column":52}},{"start":{"line":4,"column":55},"end":{"line":4,"column":65}}]}},"s":{"0":19,"1":3,"2":1,"3":101,"4":3,"5":208,"6":1027,"7":102,"8":102,"9":504,"10":102,"11":19,"12":19,"13":1,"14":19},"f":{"0":3,"1":1,"2":101,"3":208,"4":102,"5":1},"b":{"0":[1,2]}}
,"/home/runner/work/sirdez/sirdez/src/types/index.ts": {"path":"/home/runner/work/sirdez/sirdez/src/types/index.ts","statementMap":{"0":{"start":{"line":3,"column":0},"end":{"line":3,"column":24}},"1":{"start":{"line":4,"column":0},"end":{"line":4,"column":25}},"2":{"start":{"line":5,"column":0},"end":{"line":5,"column":25}}},"fnMap":{},"branchMap":{},"s":{"0":19,"1":19,"2":19},"f":{},"b":{}}
,"/home/runner/work/sirdez/sirdez/src/utils/createStructTyper.ts": {"path":"/home/runner/work/sirdez/sirdez/src/utils/createStructTyper.ts","statementMap":{"0":{"start":{"line":9,"column":15},"end":{"line":10,"column":69}},"1":{"start":{"line":10,"column":16},"end":{"line":10,"column":69}},"2":{"start":{"line":21,"column":13},"end":{"line":21,"column":34}},"3":{"start":{"line":22,"column":13},"end":{"line":22,"column":34}},"4":{"start":{"line":23,"column":29},"end":{"line":23,"column":52}},"5":{"start":{"line":24,"column":32},"end":{"line":24,"column":64}},"6":{"start":{"line":24,"column":61},"end":{"line":24,"column":63}},"7":{"start":{"line":25,"column":31},"end":{"line":25,"column":56}},"8":{"start":{"line":26,"column":2},"end":{"line":41,"column":4}},"9":{"start":{"line":27,"column":27},"end":{"line":27,"column":34}},"10":{"start":{"line":28,"column":27},"end":{"line":28,"column":34}},"11":{"start":{"line":29,"column":27},"end":{"line":29,"column":34}},"12":{"start":{"line":31,"column":18},"end":{"line":31,"column":55}},"13":{"start":{"line":35,"column":18},"end":{"line":35,"column":55}},"14":{"start":{"line":39,"column":45},"end":{"line":39,"column":51}},"15":{"start":{"line":40,"column":45},"end":{"line":40,"column":51}},"16":{"start":{"line":12,"column":0},"end":{"line":12,"column":16}}},"fnMap":{"0":{"name":"(anonymous_0)","decl":{"start":{"line":9,"column":15},"end":{"line":9,"column":16}},"loc":{"start":{"line":10,"column":16},"end":{"line":10,"column":69}}},"1":{"name":"createStructTyper","decl":{"start":{"line":12,"column":16},"end":{"line":12,"column":33}},"loc":{"start":{"line":19,"column":14},"end":{"line":42,"column":1}}},"2":{"name":"(anonymous_2)","decl":{"start":{"line":24,"column":54},"end":{"line":24,"column":55}},"loc":{"start":{"line":24,"column":61},"end":{"line":24,"column":63}}},"3":{"name":"(anonymous_3)","decl":{"start":{"line":27,"column":20},"end":{"line":27,"column":21}},"loc":{"start":{"line":27,"column":27},"end":{"line":27,"column":34}}},"4":{"name":"(anonymous_4)","decl":{"start":{"line":28,"column":20},"end":{"line":28,"column":21}},"loc":{"start":{"line":28,"column":27},"end":{"line":28,"column":34}}},"5":{"name":"(anonymous_5)","decl":{"start":{"line":29,"column":20},"end":{"line":29,"column":21}},"loc":{"start":{"line":29,"column":27},"end":{"line":29,"column":34}}},"6":{"name":"(anonymous_6)","decl":{"start":{"line":31,"column":11},"end":{"line":31,"column":12}},"loc":{"start":{"line":31,"column":18},"end":{"line":31,"column":55}}},"7":{"name":"(anonymous_7)","decl":{"start":{"line":35,"column":11},"end":{"line":35,"column":12}},"loc":{"start":{"line":35,"column":18},"end":{"line":35,"column":55}}},"8":{"name":"(anonymous_8)","decl":{"start":{"line":39,"column":29},"end":{"line":39,"column":30}},"loc":{"start":{"line":39,"column":45},"end":{"line":39,"column":51}}},"9":{"name":"(anonymous_9)","decl":{"start":{"line":40,"column":29},"end":{"line":40,"column":30}},"loc":{"start":{"line":40,"column":45},"end":{"line":40,"column":51}}}},"branchMap":{"0":{"loc":{"start":{"line":10,"column":16},"end":{"line":10,"column":69}},"type":"cond-expr","locations":[{"start":{"line":10,"column":44},"end":{"line":10,"column":63}},{"start":{"line":10,"column":66},"end":{"line":10,"column":69}}]},"1":{"loc":{"start":{"line":21,"column":13},"end":{"line":21,"column":34}},"type":"cond-expr","locations":[{"start":{"line":21,"column":21},"end":{"line":21,"column":29}},{"start":{"line":21,"column":32},"end":{"line":21,"column":34}}]},"2":{"loc":{"start":{"line":22,"column":13},"end":{"line":22,"column":34}},"type":"cond-expr","locations":[{"start":{"line":22,"column":21},"end":{"line":22,"column":29}},{"start":{"line":22,"column":32},"end":{"line":22,"column":34}}]},"3":{"loc":{"start":{"line":33,"column":6},"end":{"line":33,"column":null}},"type":"cond-expr","locations":[{"start":{"line":33,"column":36},"end":{"line":33,"column":40}},{"start":{"line":33,"column":43},"end":{"line":33,"column":null}}]}},"s":{"0":19,"1":16,"2":4,"3":4,"4":4,"5":4,"6":8,"7":4,"8":4,"9":8,"10":8,"11":8,"12":8,"13":8,"14":8,"15":8,"16":19},"f":{"0":16,"1":4,"2":8,"3":8,"4":8,"5":8,"6":8,"7":8,"8":8,"9":8},"b":{"0":[8,8],"1":[2,2],"2":[2,2],"3":[2,2]}}
,"/home/runner/work/sirdez/sirdez/src/utils/index.ts": {"path":"/home/runner/work/sirdez/sirdez/src/utils/index.ts","statementMap":{"0":{"start":{"line":1,"column":0},"end":{"line":1,"column":36}}},"fnMap":{},"branchMap":{},"s":{"0":19},"f":{},"b":{}}
}
