TN:
SF:src/asyncUse.ts
FN:4,asyncUse
FN:7,(anonymous_1)
FN:26,(anonymous_2)
FNF:3
FNH:3
FNDA:1,asyncUse
FNDA:2,(anonymous_1)
FNDA:1,(anonymous_2)
DA:1,19
DA:4,19
DA:5,1
DA:6,1
DA:9,2
DA:10,13
DA:11,13
DA:12,13
DA:13,13
DA:14,13
DA:15,1
DA:16,1
DA:19,12
DA:20,1
DA:23,11
DA:27,1
LF:16
LH:16
BRDA:15,0,0,1
BRDA:19,1,0,1
BRF:2
BRH:2
end_of_record
TN:
SF:src/context.ts
FN:3,createContext
FN:12,growContext
FN:17,contextFromArray
FNF:3
FNH:3
FNDA:38,createContext
FNDA:8,growContext
FNDA:3,contextFromArray
DA:3,19
DA:4,38
DA:5,38
DA:12,19
DA:13,8
DA:14,8
DA:17,19
DA:18,3
LF:8
LH:8
BRDA:3,0,0,19
BRF:1
BRH:1
end_of_record
TN:
SF:src/index.ts
FNF:0
FNH:0
DA:1,19
DA:2,19
DA:3,19
DA:4,19
DA:5,19
DA:6,19
LF:6
LH:6
BRF:0
BRH:0
end_of_record
TN:
SF:src/use.ts
FN:8,use
FN:11,(anonymous_1)
FN:29,(anonymous_2)
FNF:3
FNH:3
FNDA:1,use
FNDA:2,(anonymous_1)
FNDA:1,(anonymous_2)
DA:1,19
DA:8,19
DA:9,1
DA:10,1
DA:13,2
DA:14,9
DA:15,9
DA:16,9
DA:17,9
DA:18,1
DA:19,1
DA:22,8
DA:23,1
DA:26,7
DA:30,1
LF:15
LH:15
BRDA:18,0,0,1
BRDA:22,1,0,1
BRF:2
BRH:2
end_of_record
TN:
SF:src/sequencers/ascii.ts
FN:4,(anonymous_0)
FN:10,(anonymous_1)
FNF:2
FNH:2
FNDA:1,(anonymous_0)
FNDA:1,(anonymous_1)
DA:3,19
DA:5,1
DA:6,1
DA:7,60
DA:11,1
LF:5
LH:5
BRF:0
BRH:0
end_of_record
TN:
SF:src/sequencers/index.ts
FNF:0
FNH:0
DA:1,19
DA:2,19
DA:3,19
DA:4,19
LF:4
LH:4
BRF:0
BRH:0
end_of_record
TN:
SF:src/sequencers/utf16.ts
FN:4,(anonymous_0)
FN:11,(anonymous_1)
FNF:2
FNH:2
FNDA:1,(anonymous_0)
FNDA:1,(anonymous_1)
DA:3,19
DA:5,1
DA:6,1
DA:7,7451
DA:8,7451
DA:12,1
DA:13,1
DA:14,7451
DA:15,7451
DA:17,1
LF:10
LH:10
BRF:0
BRH:0
end_of_record
TN:
SF:src/sequencers/utf8.ts
FN:7,(anonymous_0)
FN:11,(anonymous_1)
FNF:2
FNH:2
FNDA:16,(anonymous_0)
FNDA:16,(anonymous_1)
DA:3,19
DA:4,19
DA:6,19
DA:8,16
DA:12,16
LF:5
LH:5
BRF:0
BRH:0
end_of_record
TN:
SF:src/sequencers/utf8js.ts
FN:4,(anonymous_0)
FN:40,(anonymous_1)
FNF:2
FNH:2
FNDA:41841,(anonymous_0)
FNDA:20496,(anonymous_1)
DA:3,19
DA:5,41841
DA:6,41839
DA:7,434735
DA:8,434735
DA:10,408648
DA:11,408631
DA:12,26087
DA:15,3086
DA:16,3086
DA:17,3086
DA:18,3086
DA:19,23001
DA:22,19356
DA:23,19356
DA:24,19356
DA:25,19356
DA:26,19356
DA:28,3645
DA:31,3645
DA:32,3645
DA:33,3645
DA:34,3645
DA:35,3645
DA:36,3645
DA:41,20496
DA:42,20496
DA:43,219152
DA:44,219152
DA:46,204282
DA:47,204282
DA:48,14870
DA:52,2085
DA:53,2085
DA:54,2085
DA:55,12785
DA:60,10976
DA:61,10976
DA:62,10976
DA:63,10976
DA:70,1809
DA:71,1809
DA:72,1809
DA:73,1809
DA:74,1809
DA:75,1809
DA:76,1809
DA:79,20496
LF:48
LH:48
BRDA:8,0,0,408648
BRDA:8,0,1,26087
BRDA:12,1,0,3086
BRDA:12,1,1,23001
BRDA:19,2,0,19356
BRDA:19,2,1,3645
BRDA:19,3,0,23001
BRDA:19,3,1,3647
BRDA:44,4,0,204282
BRDA:44,4,1,14870
BRDA:48,5,0,2085
BRDA:48,5,1,12785
BRDA:55,6,0,10976
BRDA:55,6,1,1809
BRF:14
BRH:14
end_of_record
TN:
SF:src/typers/array.ts
FN:3,(anonymous_0)
FN:4,(anonymous_1)
FN:11,(anonymous_2)
FNF:3
FNH:3
FNDA:4,(anonymous_0)
FNDA:424,(anonymous_1)
FNDA:202,(anonymous_2)
DA:3,19
DA:5,424
DA:6,424
DA:7,424
DA:8,41036
DA:12,202
DA:13,202
DA:14,202
DA:15,20103
DA:17,202
LF:10
LH:10
BRF:0
BRH:0
end_of_record
TN:
SF:src/typers/asyncArray.ts
FN:3,(anonymous_0)
FN:4,(anonymous_1)
FN:11,(anonymous_2)
FNF:3
FNH:3
FNDA:2,(anonymous_0)
FNDA:14,(anonymous_1)
FNDA:2,(anonymous_2)
DA:3,19
DA:5,14
DA:6,14
DA:7,14
DA:8,213
DA:12,2
DA:13,2
DA:14,2
DA:15,103
DA:17,2
LF:10
LH:10
BRF:0
BRH:0
end_of_record
TN:
SF:src/typers/asyncEvalStruct.ts
FN:4,(anonymous_0)
FN:7,(anonymous_1)
FNF:2
FNH:2
FNDA:2,(anonymous_0)
FNDA:1,(anonymous_1)
DA:2,19
DA:4,19
DA:5,2
DA:7,19
DA:8,1
LF:5
LH:5
BRF:0
BRH:0
end_of_record
TN:
SF:src/typers/asyncOptional.ts
FN:3,(anonymous_0)
FN:4,(anonymous_1)
FN:12,(anonymous_2)
FNF:3
FNH:3
FNDA:1,(anonymous_0)
FNDA:2,(anonymous_1)
FNDA:2,(anonymous_2)
DA:3,19
DA:5,2
DA:6,1
DA:8,1
DA:9,1
DA:13,2
DA:14,1
LF:7
LH:7
BRDA:5,0,0,1
BRDA:5,0,1,1
BRDA:13,1,0,1
BRF:3
BRH:3
end_of_record
TN:
SF:src/typers/asyncRecord.ts
FN:3,(anonymous_0)
FN:8,(anonymous_1)
FN:16,(anonymous_2)
FNF:3
FNH:3
FNDA:1,(anonymous_0)
FNDA:1,(anonymous_1)
FNDA:1,(anonymous_2)
DA:3,19
DA:7,1
DA:9,1
DA:10,1
DA:11,1
DA:12,2
DA:13,2
DA:17,1
DA:18,1
DA:19,1
DA:20,2
DA:22,1
LF:12
LH:12
BRF:0
BRH:0
end_of_record
TN:
SF:src/typers/asyncStruct.ts
FN:3,(anonymous_0)
FN:4,(anonymous_1)
FN:4,(anonymous_2)
FN:6,(anonymous_3)
FN:11,(anonymous_4)
FN:21,(anonymous_5)
FNF:6
FNH:6
FNDA:3,(anonymous_0)
FNDA:1,(anonymous_1)
FNDA:101,(anonymous_2)
FNDA:212,(anonymous_3)
FNDA:102,(anonymous_4)
FNDA:1,(anonymous_5)
DA:3,19
DA:4,101
DA:5,3
DA:7,212
DA:8,1241
DA:12,102
DA:13,102
DA:14,604
DA:16,102
DA:21,19
DA:22,1
LF:11
LH:11
BRDA:4,0,0,1
BRDA:4,0,1,2
BRF:2
BRH:2
end_of_record
TN:
SF:src/typers/boolean.ts
FN:4,(anonymous_0)
FN:7,(anonymous_1)
FNF:2
FNH:2
FNDA:210,(anonymous_0)
FNDA:112,(anonymous_1)
DA:3,19
DA:5,210
DA:8,112
LF:3
LH:3
BRF:0
BRH:0
end_of_record
TN:
SF:src/typers/bytes.ts
FN:3,(anonymous_0)
FN:4,(anonymous_1)
FN:10,(anonymous_2)
FNF:3
FNH:3
FNDA:1,(anonymous_0)
FNDA:1,(anonymous_1)
FNDA:1,(anonymous_2)
DA:3,19
DA:5,1
DA:6,1
DA:7,1
DA:8,1
DA:11,1
DA:12,1
LF:7
LH:7
BRF:0
BRH:0
end_of_record
TN:
SF:src/typers/evalNumber.ts
FN:3,(anonymous_0)
FNF:1
FNH:1
FNDA:202,(anonymous_0)
DA:3,19
DA:5,202
DA:8,202
DA:9,202
DA:14,19
DA:15,19
DA:16,19
DA:17,19
DA:18,19
DA:19,19
DA:20,19
DA:21,19
DA:22,19
DA:23,19
LF:14
LH:14
BRF:0
BRH:0
end_of_record
TN:
SF:src/typers/evalStruct.ts
FN:4,(anonymous_0)
FN:7,(anonymous_1)
FNF:2
FNH:2
FNDA:2,(anonymous_0)
FNDA:1,(anonymous_1)
DA:2,19
DA:4,19
DA:5,2
DA:7,19
DA:8,1
LF:5
LH:5
BRF:0
BRH:0
end_of_record
TN:
SF:src/typers/index.ts
FNF:0
FNH:0
DA:1,19
DA:2,19
DA:3,19
DA:4,19
DA:5,19
DA:6,19
DA:7,19
DA:8,19
DA:9,19
DA:10,19
DA:11,19
DA:12,19
DA:13,19
DA:14,19
DA:15,19
LF:15
LH:15
BRF:0
BRH:0
end_of_record
TN:
SF:src/typers/number.ts
FN:4,(anonymous_0)
FN:7,(anonymous_1)
FN:13,(anonymous_2)
FN:17,(anonymous_3)
FN:25,(anonymous_4)
FN:29,(anonymous_5)
FN:37,(anonymous_6)
FN:41,(anonymous_7)
FN:49,(anonymous_8)
FN:52,(anonymous_9)
FN:58,(anonymous_10)
FN:62,(anonymous_11)
FN:70,(anonymous_12)
FN:74,(anonymous_13)
FN:82,(anonymous_14)
FN:86,(anonymous_15)
FN:94,(anonymous_16)
FN:98,(anonymous_17)
FN:106,(anonymous_18)
FN:110,(anonymous_19)
FN:130,(anonymous_20)
FNF:21
FNH:21
FNDA:83733,(anonymous_0)
FNDA:20725,(anonymous_1)
FNDA:24,(anonymous_2)
FNDA:4,(anonymous_3)
FNDA:802,(anonymous_4)
FNDA:202,(anonymous_5)
FNDA:2,(anonymous_6)
FNDA:2,(anonymous_7)
FNDA:2,(anonymous_8)
FNDA:2,(anonymous_9)
FNDA:2,(anonymous_10)
FNDA:2,(anonymous_11)
FNDA:2,(anonymous_12)
FNDA:2,(anonymous_13)
FNDA:2,(anonymous_14)
FNDA:2,(anonymous_15)
FNDA:1,(anonymous_16)
FNDA:1,(anonymous_17)
FNDA:1,(anonymous_18)
FNDA:1,(anonymous_19)
FNDA:12,(anonymous_20)
DA:3,19
DA:5,83733
DA:8,20725
DA:12,19
DA:14,24
DA:15,24
DA:18,4
DA:19,4
DA:20,4
DA:24,19
DA:26,802
DA:27,802
DA:30,202
DA:31,202
DA:32,202
DA:36,19
DA:38,2
DA:39,2
DA:42,2
DA:43,2
DA:44,2
DA:48,19
DA:50,2
DA:53,2
DA:57,19
DA:59,2
DA:60,2
DA:63,2
DA:64,2
DA:65,2
DA:69,19
DA:71,2
DA:72,2
DA:75,2
DA:76,2
DA:77,2
DA:81,19
DA:83,2
DA:84,2
DA:87,2
DA:88,2
DA:89,2
DA:93,19
DA:95,1
DA:96,1
DA:99,1
DA:100,1
DA:101,1
DA:105,19
DA:107,1
DA:108,1
DA:111,1
DA:112,1
DA:113,1
DA:117,19
DA:130,19
DA:131,12
LF:57
LH:57
BRF:0
BRH:0
end_of_record
TN:
SF:src/typers/optional.ts
FN:3,(anonymous_0)
FN:4,(anonymous_1)
FN:12,(anonymous_2)
FNF:3
FNH:3
FNDA:3,(anonymous_0)
FNDA:416,(anonymous_1)
FNDA:202,(anonymous_2)
DA:3,19
DA:5,416
DA:6,221
DA:8,195
DA:9,195
DA:13,202
DA:14,96
LF:7
LH:7
BRDA:5,0,0,221
BRDA:5,0,1,195
BRDA:13,1,0,96
BRF:3
BRH:3
end_of_record
TN:
SF:src/typers/record.ts
FN:3,(anonymous_0)
FN:4,(anonymous_1)
FN:12,(anonymous_2)
FNF:3
FNH:3
FNDA:1,(anonymous_0)
FNDA:1,(anonymous_1)
FNDA:1,(anonymous_2)
DA:3,19
DA:5,1
DA:6,1
DA:7,1
DA:8,2
DA:9,2
DA:13,1
DA:14,1
DA:15,1
DA:16,2
DA:18,1
LF:11
LH:11
BRF:0
BRH:0
end_of_record
TN:
SF:src/typers/string.ts
FN:3,(anonymous_0)
FN:4,(anonymous_1)
FN:15,(anonymous_2)
FNF:3
FNH:3
FNDA:19,(anonymous_0)
FNDA:41854,(anonymous_1)
FNDA:20508,(anonymous_2)
DA:3,19
DA:5,41854
DA:6,41854
DA:7,41853
DA:8,41853
DA:9,41834
DA:10,41834
DA:11,41834
DA:12,41834
DA:13,41834
DA:16,20508
LF:11
LH:11
BRF:0
BRH:0
end_of_record
TN:
SF:src/typers/struct.ts
FN:3,(anonymous_0)
FN:4,(anonymous_1)
FN:4,(anonymous_2)
FN:6,(anonymous_3)
FN:11,(anonymous_4)
FN:21,(anonymous_5)
FNF:6
FNH:6
FNDA:3,(anonymous_0)
FNDA:1,(anonymous_1)
FNDA:101,(anonymous_2)
FNDA:208,(anonymous_3)
FNDA:102,(anonymous_4)
FNDA:1,(anonymous_5)
DA:3,19
DA:4,101
DA:5,3
DA:7,208
DA:8,1027
DA:12,102
DA:13,102
DA:14,504
DA:16,102
DA:21,19
DA:22,1
LF:11
LH:11
BRDA:4,0,0,1
BRDA:4,0,1,2
BRF:2
BRH:2
end_of_record
TN:
SF:src/types/index.ts
FNF:0
FNH:0
DA:3,19
DA:4,19
DA:5,19
LF:3
LH:3
BRF:0
BRH:0
end_of_record
TN:
SF:src/utils/createStructTyper.ts
FN:9,(anonymous_0)
FN:12,createStructTyper
FN:24,(anonymous_2)
FN:27,(anonymous_3)
FN:28,(anonymous_4)
FN:29,(anonymous_5)
FN:31,(anonymous_6)
FN:35,(anonymous_7)
FN:39,(anonymous_8)
FN:40,(anonymous_9)
FNF:10
FNH:10
FNDA:16,(anonymous_0)
FNDA:4,createStructTyper
FNDA:8,(anonymous_2)
FNDA:8,(anonymous_3)
FNDA:8,(anonymous_4)
FNDA:8,(anonymous_5)
FNDA:8,(anonymous_6)
FNDA:8,(anonymous_7)
FNDA:8,(anonymous_8)
FNDA:8,(anonymous_9)
DA:9,19
DA:10,16
DA:12,19
DA:21,4
DA:22,4
DA:23,4
DA:24,8
DA:25,4
DA:26,4
DA:27,8
DA:28,8
DA:29,8
DA:31,8
DA:35,8
DA:39,8
DA:40,8
LF:16
LH:16
BRDA:10,0,0,8
BRDA:10,0,1,8
BRDA:21,1,0,2
BRDA:21,1,1,2
BRDA:22,2,0,2
BRDA:22,2,1,2
BRDA:33,3,0,2
BRDA:33,3,1,2
BRF:8
BRH:8
end_of_record
TN:
SF:src/utils/index.ts
FNF:0
FNH:0
DA:1,19
LF:1
LH:1
BRF:0
BRH:0
end_of_record
